Log file open, 10/21/20 18:32:45
LogWindows: Failed to load 'aqProf.dll' (GetLastError=126)
LogWindows: File 'aqProf.dll' does not exist
LogWindows: Failed to load 'VtuneApi.dll' (GetLastError=126)
LogWindows: File 'VtuneApi.dll' does not exist
LogWindows: Failed to load 'VtuneApi32e.dll' (GetLastError=126)
LogWindows: File 'VtuneApi32e.dll' does not exist
LogConsoleResponse: Display: Failed to find resolution value strings in scalability ini. Falling back to default.
LogInit: Display: Running engine for game: Dream_Catcher_Game
LogPlatformFile: Not using cached read wrapper
LogTaskGraph: Started task graph with 5 named threads and 11 total threads with 3 sets of task threads.
LogStats: Stats thread started at 7.571613
LogD3D11RHI: Loaded GFSDK_Aftermath_Lib.x64.dll
LogICUInternationalization: ICU TimeZone Detection - Raw Offset: +6:00, Platform Override: ''
LogPluginManager: Mounting plugin Paper2D
LogPluginManager: Mounting plugin AISupport
LogPluginManager: Mounting plugin LightPropagationVolume
LogPluginManager: Mounting plugin ActorLayerUtilities
LogPluginManager: Mounting plugin AnimationSharing
LogPluginManager: Mounting plugin CLionSourceCodeAccess
LogPluginManager: Mounting plugin CodeLiteSourceCodeAccess
LogPluginManager: Mounting plugin GitSourceControl
LogPluginManager: Mounting plugin KDevelopSourceCodeAccess
LogPluginManager: Mounting plugin NullSourceCodeAccess
LogPluginManager: Mounting plugin PerforceSourceControl
LogPluginManager: Mounting plugin PlasticSourceControl
LogPluginManager: Mounting plugin SubversionSourceControl
LogPluginManager: Mounting plugin UObjectPlugin
LogPluginManager: Mounting plugin VisualStudioCodeSourceCodeAccess
LogPluginManager: Mounting plugin VisualStudioSourceCodeAccess
LogPluginManager: Mounting plugin XCodeSourceCodeAccess
LogPluginManager: Mounting plugin AssetManagerEditor
LogPluginManager: Mounting plugin CryptoKeys
LogPluginManager: Mounting plugin CurveEditorTools
LogPluginManager: Mounting plugin DataValidation
LogPluginManager: Mounting plugin FacialAnimation
LogPluginManager: Mounting plugin GameplayTagsEditor
LogPluginManager: Mounting plugin MacGraphicsSwitching
LogPluginManager: Mounting plugin MaterialAnalyzer
LogPluginManager: Mounting plugin MobileLauncherProfileWizard
LogPluginManager: Mounting plugin PluginBrowser
LogPluginManager: Mounting plugin SpeedTreeImporter
LogPluginManager: Mounting plugin DatasmithContent
LogPluginManager: Mounting plugin VariantManagerContent
LogPluginManager: Mounting plugin AlembicImporter
LogPluginManager: Mounting plugin AutomationUtils
LogPluginManager: Mounting plugin BackChannel
LogPluginManager: Mounting plugin CharacterAI
LogPluginManager: Mounting plugin GeometryCache
LogPluginManager: Mounting plugin PlatformCrypto
LogPluginManager: Mounting plugin ProxyLODPlugin
LogPluginManager: Mounting plugin SkeletalReduction
LogPluginManager: Mounting plugin MagicLeap
LogPluginManager: Mounting plugin MagicLeapMedia
LogPluginManager: Mounting plugin MLSDK
LogPluginManager: Mounting plugin AndroidMedia
LogPluginManager: Mounting plugin AvfMedia
LogPluginManager: Mounting plugin ImgMedia
LogPluginManager: Mounting plugin MediaCompositing
LogPluginManager: Mounting plugin MediaPlayerEditor
LogPluginManager: Mounting plugin WebMMedia
LogPluginManager: Mounting plugin WmfMedia
LogPluginManager: Mounting plugin TcpMessaging
LogPluginManager: Mounting plugin UdpMessaging
LogPluginManager: Mounting plugin ActorSequence
LogPluginManager: Mounting plugin LevelSequenceEditor
LogPluginManager: Mounting plugin MatineeToLevelSequence
LogPluginManager: Mounting plugin NetcodeUnitTest
LogPluginManager: Mounting plugin NUTUnrealEngine4
LogPluginManager: Mounting plugin OnlineSubsystemGooglePlay
LogPluginManager: Mounting plugin OnlineSubsystemIOS
LogPluginManager: Mounting plugin OnlineSubsystem
LogPluginManager: Mounting plugin OnlineSubsystemNull
LogPluginManager: Mounting plugin OnlineSubsystemUtils
LogPluginManager: Mounting plugin LauncherChunkInstaller
LogPluginManager: Mounting plugin AndroidDeviceProfileSelector
LogPluginManager: Mounting plugin AndroidMoviePlayer
LogPluginManager: Mounting plugin AndroidPermission
LogPluginManager: Mounting plugin AppleImageUtils
LogPluginManager: Mounting plugin AppleMoviePlayer
LogPluginManager: Mounting plugin ArchVisCharacter
LogPluginManager: Mounting plugin AssetTags
LogPluginManager: Mounting plugin AudioCapture
LogPluginManager: Mounting plugin CableComponent
LogPluginManager: Mounting plugin CustomMeshComponent
LogPluginManager: Mounting plugin EditableMesh
LogPluginManager: Mounting plugin ExampleDeviceProfileSelector
LogPluginManager: Mounting plugin GoogleCloudMessaging
LogPluginManager: Mounting plugin IOSDeviceProfileSelector
LogPluginManager: Mounting plugin LinuxDeviceProfileSelector
LogPluginManager: Mounting plugin LocationServicesBPLibrary
LogPluginManager: Mounting plugin MobilePatchingUtils
LogPluginManager: Mounting plugin OculusVR
LogPluginManager: Mounting plugin PhysXVehicles
LogPluginManager: Mounting plugin PostSplashScreen
LogPluginManager: Mounting plugin ProceduralMeshComponent
LogPluginManager: Mounting plugin RuntimePhysXCooking
LogPluginManager: Mounting plugin SignificanceManager
LogPluginManager: Mounting plugin SteamVR
LogPluginManager: Mounting plugin WebMMoviePlayer
LogPluginManager: Mounting plugin WindowsMoviePlayer
LogPluginManager: Mounting plugin ScreenshotTools
LogInit: Using libcurl 7.55.1-DEV
LogInit:  - built for x86_64-pc-win32
LogInit:  - supports SSL with OpenSSL/1.1.1
LogInit:  - supports HTTP deflate (compression) using libz 1.2.8
LogInit:  - other features:
LogInit:      CURL_VERSION_SSL
LogInit:      CURL_VERSION_LIBZ
LogInit:      CURL_VERSION_IPV6
LogInit:      CURL_VERSION_ASYNCHDNS
LogInit:      CURL_VERSION_LARGEFILE
LogInit:      CURL_VERSION_IDN
LogInit:  CurlRequestOptions (configurable via config and command line):
LogInit:  - bVerifyPeer = true  - Libcurl will verify peer certificate
LogInit:  - bUseHttpProxy = false  - Libcurl will NOT use HTTP proxy
LogInit:  - bDontReuseConnections = false  - Libcurl will reuse connections
LogInit:  - MaxHostConnections = 16  - Libcurl will limit the number of connections to a host
LogInit:  - LocalHostAddr = Default
LogInit:  - BufferSize = 65536
LogOnline: OSS: Creating online subsystem instance for: NULL
LogInit: WinSock: version 1.1 (2.2), MaxSocks=32767, MaxUdp=65467
LogOnline: OSS: TryLoadSubsystemAndSetDefault: Loaded subsystem for module [NULL]
LogInit: Build: ++UE4+Release-4.24-CL-11590370
LogInit: Engine Version: 4.24.3-11590370+++UE4+Release-4.24
LogInit: Compatible Engine Version: 4.24.0-10570792+++UE4+Release-4.24
LogInit: Net CL: 10570792
LogInit: OS: Windows 10 (Release 2004) (), CPU: Intel(R) Core(TM) i3-4160 CPU @ 3.60GHz, GPU: Intel(R) HD Graphics 4400
LogInit: Compiled (64-bit): Feb 24 2020 15:39:18
LogInit: Compiled with Visual C++: 19.16.27032.01
LogInit: Build Configuration: Development
LogInit: Branch Name: ++UE4+Release-4.24
LogInit: Command Line: 
LogInit: Base Directory: K:/Games/UE_4.24/Engine/Binaries/Win64/
LogInit: Installed Engine Build: 1
LogDevObjectVersion: Number of dev versions registered: 25
LogDevObjectVersion:   Dev-Blueprints (B0D832E4-1F89-4F0D-ACCF-7EB736FD4AA2): 10
LogDevObjectVersion:   Dev-Build (E1C64328-A22C-4D53-A36C-8E866417BD8C): 0
LogDevObjectVersion:   Dev-Core (375EC13C-06E4-48FB-B500-84F0262A717E): 3
LogDevObjectVersion:   Dev-Editor (E4B068ED-F494-42E9-A231-DA0B2E46BB41): 37
LogDevObjectVersion:   Dev-Framework (CFFC743F-43B0-4480-9391-14DF171D2073): 36
LogDevObjectVersion:   Dev-Mobile (B02B49B5-BB20-44E9-A304-32B752E40360): 2
LogDevObjectVersion:   Dev-Networking (A4E4105C-59A1-49B5-A7C5-40C4547EDFEE): 0
LogDevObjectVersion:   Dev-Online (39C831C9-5AE6-47DC-9A44-9C173E1C8E7C): 0
LogDevObjectVersion:   Dev-Physics (78F01B33-EBEA-4F98-B9B4-84EACCB95AA2): 2
LogDevObjectVersion:   Dev-Platform (6631380F-2D4D-43E0-8009-CF276956A95A): 0
LogDevObjectVersion:   Dev-Rendering (12F88B9F-8875-4AFC-A67C-D90C383ABD29): 36
LogDevObjectVersion:   Dev-Sequencer (7B5AE74C-D270-4C10-A958-57980B212A5A): 11
LogDevObjectVersion:   Dev-VR (D7296918-1DD6-4BDD-9DE2-64A83CC13884): 2
LogDevObjectVersion:   Dev-LoadTimes (C2A15278-BFE7-4AFE-6C17-90FF531DF755): 1
LogDevObjectVersion:   Private-Geometry (6EACA3D4-40EC-4CC1-B786-8BED09428FC5): 3
LogDevObjectVersion:   Dev-AnimPhys (29E575DD-E0A3-4627-9D10-D276232CDCEA): 17
LogDevObjectVersion:   Dev-Anim (AF43A65D-7FD3-4947-9873-3E8ED9C1BB05): 2
LogDevObjectVersion:   Dev-ReflectionCapture (6B266CEC-1EC7-4B8F-A30B-E4D90942FC07): 1
LogDevObjectVersion:   Dev-Automation (0DF73D61-A23F-47EA-B727-89E90C41499A): 1
LogDevObjectVersion:   FortniteMain (601D1886-AC64-4F84-AA16-D3DE0DEAC7D6): 31
LogDevObjectVersion:   Dev-Enterprise (9DFFBCD6-494F-0158-E221-12823C92A888): 8
LogDevObjectVersion:   Dev-Niagara (F2AED0AC-9AFE-416F-8664-AA7FFA26D6FC): 1
LogDevObjectVersion:   Dev-Destruction (174F1F0B-B4C6-45A5-B13F-2EE8D0FB917D): 9
LogDevObjectVersion:   Dev-Physics-Ext (35F94A83-E258-406C-A318-09F59610247C): 8
LogDevObjectVersion:   Dev-CineCamera (B2E18506-4273-CFC2-A54E-F4BB758BBA07): 1
LogInit: Presizing for max 25165824 objects, including 0 objects not considered by GC, pre-allocating 0 bytes for permanent pool.
LogInit: Object subsystem initialized
LogConfig: Setting CVar [[con.DebugEarlyDefault:1]]
LogConfig: Setting CVar [[r.setres:1280x720]]
[2020.10.21-12.32.49:163][  0]LogConfig: Setting CVar [[r.VSync:0]]
[2020.10.21-12.32.49:163][  0]LogConfig: Setting CVar [[r.RHICmdBypass:0]]
[2020.10.21-12.32.49:174][  0]LogConfig: Applying CVar settings from Section [/Script/Engine.RendererSettings] File [C:/Users/Excelsior Rakibul/Documents/GitHub/Dream-Catchers-The-Game/Dream_Catcher_Game Project_ue4_4.24.3/Dream_Catcher_Game/Saved/Config/Windows/Engine.ini]
[2020.10.21-12.32.49:174][  0]LogConfig: Setting CVar [[r.GPUCrashDebugging:0]]
[2020.10.21-12.32.49:174][  0]LogConfig: Applying CVar settings from Section [/Script/Engine.RendererOverrideSettings] File [C:/Users/Excelsior Rakibul/Documents/GitHub/Dream-Catchers-The-Game/Dream_Catcher_Game Project_ue4_4.24.3/Dream_Catcher_Game/Saved/Config/Windows/Engine.ini]
[2020.10.21-12.32.49:174][  0]LogConfig: Applying CVar settings from Section [/Script/Engine.StreamingSettings] File [C:/Users/Excelsior Rakibul/Documents/GitHub/Dream-Catchers-The-Game/Dream_Catcher_Game Project_ue4_4.24.3/Dream_Catcher_Game/Saved/Config/Windows/Engine.ini]
[2020.10.21-12.32.49:174][  0]LogConfig: Setting CVar [[s.MinBulkDataSizeForAsyncLoading:131072]]
[2020.10.21-12.32.49:174][  0]LogConfig: Setting CVar [[s.AsyncLoadingThreadEnabled:0]]
[2020.10.21-12.32.49:174][  0]LogConfig: Setting CVar [[s.EventDrivenLoaderEnabled:1]]
[2020.10.21-12.32.49:174][  0]LogConfig: Setting CVar [[s.WarnIfTimeLimitExceeded:0]]
[2020.10.21-12.32.49:174][  0]LogConfig: Setting CVar [[s.TimeLimitExceededMultiplier:1.5]]
[2020.10.21-12.32.49:174][  0]LogConfig: Setting CVar [[s.TimeLimitExceededMinTime:0.005]]
[2020.10.21-12.32.49:174][  0]LogConfig: Setting CVar [[s.UseBackgroundLevelStreaming:1]]
[2020.10.21-12.32.49:174][  0]LogConfig: Setting CVar [[s.PriorityAsyncLoadingExtraTime:15.0]]
[2020.10.21-12.32.49:174][  0]LogConfig: Setting CVar [[s.LevelStreamingActorsUpdateTimeLimit:5.0]]
[2020.10.21-12.32.49:174][  0]LogConfig: Setting CVar [[s.PriorityLevelStreamingActorsUpdateExtraTime:5.0]]
[2020.10.21-12.32.49:174][  0]LogConfig: Setting CVar [[s.LevelStreamingComponentsRegistrationGranularity:10]]
[2020.10.21-12.32.49:174][  0]LogConfig: Setting CVar [[s.UnregisterComponentsTimeLimit:1.0]]
[2020.10.21-12.32.49:174][  0]LogConfig: Setting CVar [[s.LevelStreamingComponentsUnregistrationGranularity:5]]
[2020.10.21-12.32.49:174][  0]LogConfig: Setting CVar [[s.FlushStreamingOnExit:1]]
[2020.10.21-12.32.49:175][  0]LogConfig: Applying CVar settings from Section [/Script/Engine.GarbageCollectionSettings] File [C:/Users/Excelsior Rakibul/Documents/GitHub/Dream-Catchers-The-Game/Dream_Catcher_Game Project_ue4_4.24.3/Dream_Catcher_Game/Saved/Config/Windows/Engine.ini]
[2020.10.21-12.32.49:175][  0]LogConfig: Setting CVar [[gc.MaxObjectsNotConsideredByGC:1]]
[2020.10.21-12.32.49:175][  0]LogConfig: Setting CVar [[gc.SizeOfPermanentObjectPool:0]]
[2020.10.21-12.32.49:175][  0]LogConfig: Setting CVar [[gc.FlushStreamingOnGC:0]]
[2020.10.21-12.32.49:175][  0]LogConfig: Setting CVar [[gc.NumRetriesBeforeForcingGC:10]]
[2020.10.21-12.32.49:175][  0]LogConfig: Setting CVar [[gc.AllowParallelGC:1]]
[2020.10.21-12.32.49:175][  0]LogConfig: Setting CVar [[gc.TimeBetweenPurgingPendingKillObjects:61.1]]
[2020.10.21-12.32.49:175][  0]LogConfig: Setting CVar [[gc.MaxObjectsInEditor:25165824]]
[2020.10.21-12.32.49:175][  0]LogConfig: Setting CVar [[gc.IncrementalBeginDestroyEnabled:1]]
[2020.10.21-12.32.49:175][  0]LogConfig: Setting CVar [[gc.CreateGCClusters:1]]
[2020.10.21-12.32.49:175][  0]LogConfig: Setting CVar [[gc.MinGCClusterSize:5]]
[2020.10.21-12.32.49:175][  0]LogConfig: Setting CVar [[gc.ActorClusteringEnabled:0]]
[2020.10.21-12.32.49:175][  0]LogConfig: Setting CVar [[gc.BlueprintClusteringEnabled:0]]
[2020.10.21-12.32.49:175][  0]LogConfig: Setting CVar [[gc.UseDisregardForGCOnDedicatedServers:0]]
[2020.10.21-12.32.49:175][  0]LogConfig: Applying CVar settings from Section [/Script/Engine.NetworkSettings] File [C:/Users/Excelsior Rakibul/Documents/GitHub/Dream-Catchers-The-Game/Dream_Catcher_Game Project_ue4_4.24.3/Dream_Catcher_Game/Saved/Config/Windows/Engine.ini]
[2020.10.21-12.32.49:175][  0]LogConfig: Applying CVar settings from Section [/Script/UnrealEd.CookerSettings] File [C:/Users/Excelsior Rakibul/Documents/GitHub/Dream-Catchers-The-Game/Dream_Catcher_Game Project_ue4_4.24.3/Dream_Catcher_Game/Saved/Config/Windows/Engine.ini]
[2020.10.21-12.32.49:229][  0]LogConfig: Applying CVar settings from Section [ViewDistanceQuality@3] File [C:/Users/Excelsior Rakibul/Documents/GitHub/Dream-Catchers-The-Game/Dream_Catcher_Game Project_ue4_4.24.3/Dream_Catcher_Game/Saved/Config/Windows/Scalability.ini]
[2020.10.21-12.32.49:230][  0]LogConfig: Setting CVar [[r.SkeletalMeshLODBias:0]]
[2020.10.21-12.32.49:230][  0]LogConfig: Setting CVar [[r.ViewDistanceScale:1.0]]
[2020.10.21-12.32.49:230][  0]LogConfig: Applying CVar settings from Section [AntiAliasingQuality@3] File [C:/Users/Excelsior Rakibul/Documents/GitHub/Dream-Catchers-The-Game/Dream_Catcher_Game Project_ue4_4.24.3/Dream_Catcher_Game/Saved/Config/Windows/Scalability.ini]
[2020.10.21-12.32.49:231][  0]LogConfig: Setting CVar [[r.PostProcessAAQuality:4]]
[2020.10.21-12.32.49:231][  0]LogConfig: Applying CVar settings from Section [ShadowQuality@3] File [C:/Users/Excelsior Rakibul/Documents/GitHub/Dream-Catchers-The-Game/Dream_Catcher_Game Project_ue4_4.24.3/Dream_Catcher_Game/Saved/Config/Windows/Scalability.ini]
[2020.10.21-12.32.49:231][  0]LogConfig: Setting CVar [[r.LightFunctionQuality:1]]
[2020.10.21-12.32.49:232][  0]LogConfig: Setting CVar [[r.ShadowQuality:5]]
[2020.10.21-12.32.49:232][  0]LogConfig: Setting CVar [[r.Shadow.CSM.MaxCascades:10]]
[2020.10.21-12.32.49:232][  0]LogConfig: Setting CVar [[r.Shadow.MaxResolution:2048]]
[2020.10.21-12.32.49:232][  0]LogConfig: Setting CVar [[r.Shadow.MaxCSMResolution:2048]]
[2020.10.21-12.32.49:233][  0]LogConfig: Setting CVar [[r.Shadow.RadiusThreshold:0.01]]
[2020.10.21-12.32.49:233][  0]LogConfig: Setting CVar [[r.Shadow.DistanceScale:1.0]]
[2020.10.21-12.32.49:233][  0]LogConfig: Setting CVar [[r.Shadow.CSM.TransitionScale:1.0]]
[2020.10.21-12.32.49:233][  0]LogConfig: Setting CVar [[r.Shadow.PreShadowResolutionFactor:1.0]]
[2020.10.21-12.32.49:233][  0]LogConfig: Setting CVar [[r.DistanceFieldShadowing:1]]
[2020.10.21-12.32.49:233][  0]LogConfig: Setting CVar [[r.DistanceFieldAO:1]]
[2020.10.21-12.32.49:233][  0]LogConfig: Setting CVar [[r.AOQuality:2]]
[2020.10.21-12.32.49:233][  0]LogConfig: Setting CVar [[r.VolumetricFog:1]]
[2020.10.21-12.32.49:233][  0]LogConfig: Setting CVar [[r.VolumetricFog.GridPixelSize:8]]
[2020.10.21-12.32.49:233][  0]LogConfig: Setting CVar [[r.VolumetricFog.GridSizeZ:128]]
[2020.10.21-12.32.49:233][  0]LogConfig: Setting CVar [[r.VolumetricFog.HistoryMissSupersampleCount:4]]
[2020.10.21-12.32.49:233][  0]LogConfig: Setting CVar [[r.LightMaxDrawDistanceScale:1]]
[2020.10.21-12.32.49:233][  0]LogConfig: Setting CVar [[r.CapsuleShadows:1]]
[2020.10.21-12.32.49:234][  0]LogConfig: Applying CVar settings from Section [PostProcessQuality@3] File [C:/Users/Excelsior Rakibul/Documents/GitHub/Dream-Catchers-The-Game/Dream_Catcher_Game Project_ue4_4.24.3/Dream_Catcher_Game/Saved/Config/Windows/Scalability.ini]
[2020.10.21-12.32.49:234][  0]LogConfig: Setting CVar [[r.MotionBlurQuality:4]]
[2020.10.21-12.32.49:234][  0]LogConfig: Setting CVar [[r.AmbientOcclusionMipLevelFactor:0.4]]
[2020.10.21-12.32.49:234][  0]LogConfig: Setting CVar [[r.AmbientOcclusionMaxQuality:100]]
[2020.10.21-12.32.49:234][  0]LogConfig: Setting CVar [[r.AmbientOcclusionLevels:-1]]
[2020.10.21-12.32.49:234][  0]LogConfig: Setting CVar [[r.AmbientOcclusionRadiusScale:1.0]]
[2020.10.21-12.32.49:234][  0]LogConfig: Setting CVar [[r.DepthOfFieldQuality:2]]
[2020.10.21-12.32.49:234][  0]LogConfig: Setting CVar [[r.RenderTargetPoolMin:400]]
[2020.10.21-12.32.49:234][  0]LogConfig: Setting CVar [[r.LensFlareQuality:2]]
[2020.10.21-12.32.49:234][  0]LogConfig: Setting CVar [[r.SceneColorFringeQuality:1]]
[2020.10.21-12.32.49:234][  0]LogConfig: Setting CVar [[r.EyeAdaptationQuality:2]]
[2020.10.21-12.32.49:234][  0]LogConfig: Setting CVar [[r.BloomQuality:5]]
[2020.10.21-12.32.49:234][  0]LogConfig: Setting CVar [[r.FastBlurThreshold:100]]
[2020.10.21-12.32.49:234][  0]LogConfig: Setting CVar [[r.Upscale.Quality:3]]
[2020.10.21-12.32.49:234][  0]LogConfig: Setting CVar [[r.Tonemapper.GrainQuantization:1]]
[2020.10.21-12.32.49:234][  0]LogConfig: Setting CVar [[r.LightShaftQuality:1]]
[2020.10.21-12.32.49:234][  0]LogConfig: Setting CVar [[r.Filter.SizeScale:1]]
[2020.10.21-12.32.49:234][  0]LogConfig: Setting CVar [[r.Tonemapper.Quality:5]]
[2020.10.21-12.32.49:234][  0]LogConfig: Setting CVar [[r.DOF.Gather.AccumulatorQuality:1        ; higher gathering accumulator quality]]
[2020.10.21-12.32.49:234][  0]LogConfig: Setting CVar [[r.DOF.Gather.PostfilterMethod:1          ; Median3x3 postfilering method]]
[2020.10.21-12.32.49:234][  0]LogConfig: Setting CVar [[r.DOF.Gather.EnableBokehSettings:0       ; no bokeh simulation when gathering]]
[2020.10.21-12.32.49:234][  0]LogConfig: Setting CVar [[r.DOF.Gather.RingCount:4                 ; medium number of samples when gathering]]
[2020.10.21-12.32.49:234][  0]LogConfig: Setting CVar [[r.DOF.Scatter.ForegroundCompositing:1    ; additive foreground scattering]]
[2020.10.21-12.32.49:234][  0]LogConfig: Setting CVar [[r.DOF.Scatter.BackgroundCompositing:2    ; additive background scattering]]
[2020.10.21-12.32.49:234][  0]LogConfig: Setting CVar [[r.DOF.Scatter.EnableBokehSettings:1      ; bokeh simulation when scattering]]
[2020.10.21-12.32.49:234][  0]LogConfig: Setting CVar [[r.DOF.Scatter.MaxSpriteRatio:0.1         ; only a maximum of 10% of scattered bokeh]]
[2020.10.21-12.32.49:234][  0]LogConfig: Setting CVar [[r.DOF.Recombine.Quality:1                ; cheap slight out of focus]]
[2020.10.21-12.32.49:234][  0]LogConfig: Setting CVar [[r.DOF.Recombine.EnableBokehSettings:0    ; no bokeh simulation on slight out of focus]]
[2020.10.21-12.32.49:234][  0]LogConfig: Setting CVar [[r.DOF.TemporalAAQuality:1                ; more stable temporal accumulation]]
[2020.10.21-12.32.49:234][  0]LogConfig: Setting CVar [[r.DOF.Kernel.MaxForegroundRadius:0.025]]
[2020.10.21-12.32.49:234][  0]LogConfig: Setting CVar [[r.DOF.Kernel.MaxBackgroundRadius:0.025]]
[2020.10.21-12.32.49:234][  0]LogConfig: Applying CVar settings from Section [TextureQuality@3] File [C:/Users/Excelsior Rakibul/Documents/GitHub/Dream-Catchers-The-Game/Dream_Catcher_Game Project_ue4_4.24.3/Dream_Catcher_Game/Saved/Config/Windows/Scalability.ini]
[2020.10.21-12.32.49:234][  0]LogConfig: Setting CVar [[r.Streaming.MipBias:0]]
[2020.10.21-12.32.49:234][  0]LogConfig: Setting CVar [[r.Streaming.AmortizeCPUToGPUCopy:0]]
[2020.10.21-12.32.49:234][  0]LogConfig: Setting CVar [[r.Streaming.MaxNumTexturesToStreamPerFrame:0]]
[2020.10.21-12.32.49:234][  0]LogConfig: Setting CVar [[r.Streaming.Boost:1]]
[2020.10.21-12.32.49:234][  0]LogConfig: Setting CVar [[r.MaxAnisotropy:8]]
[2020.10.21-12.32.49:234][  0]LogConfig: Setting CVar [[r.VT.MaxAnisotropy:8]]
[2020.10.21-12.32.49:235][  0]LogConfig: Setting CVar [[r.Streaming.LimitPoolSizeToVRAM:0]]
[2020.10.21-12.32.49:235][  0]LogConfig: Setting CVar [[r.Streaming.PoolSize:1000]]
[2020.10.21-12.32.49:235][  0]LogConfig: Setting CVar [[r.Streaming.MaxEffectiveScreenSize:0]]
[2020.10.21-12.32.49:235][  0]LogConfig: Applying CVar settings from Section [EffectsQuality@3] File [C:/Users/Excelsior Rakibul/Documents/GitHub/Dream-Catchers-The-Game/Dream_Catcher_Game Project_ue4_4.24.3/Dream_Catcher_Game/Saved/Config/Windows/Scalability.ini]
[2020.10.21-12.32.49:235][  0]LogConfig: Setting CVar [[r.TranslucencyLightingVolumeDim:64]]
[2020.10.21-12.32.49:235][  0]LogConfig: Setting CVar [[r.RefractionQuality:2]]
[2020.10.21-12.32.49:235][  0]LogConfig: Setting CVar [[r.SSR.Quality:3]]
[2020.10.21-12.32.49:235][  0]LogConfig: Setting CVar [[r.SSR.HalfResSceneColor:0]]
[2020.10.21-12.32.49:235][  0]LogConfig: Setting CVar [[r.SceneColorFormat:4]]
[2020.10.21-12.32.49:235][  0]LogConfig: Setting CVar [[r.DetailMode:2]]
[2020.10.21-12.32.49:235][  0]LogConfig: Setting CVar [[r.TranslucencyVolumeBlur:1]]
[2020.10.21-12.32.49:235][  0]LogConfig: Setting CVar [[r.MaterialQualityLevel:1 ; High quality]]
[2020.10.21-12.32.49:235][  0]LogConfig: Setting CVar [[r.SSS.Scale:1]]
[2020.10.21-12.32.49:235][  0]LogConfig: Setting CVar [[r.SSS.SampleSet:2]]
[2020.10.21-12.32.49:235][  0]LogConfig: Setting CVar [[r.SSS.Quality:1]]
[2020.10.21-12.32.49:235][  0]LogConfig: Setting CVar [[r.SSS.HalfRes:1]]
[2020.10.21-12.32.49:235][  0]LogConfig: Setting CVar [[r.SSGI.Quality:3]]
[2020.10.21-12.32.49:235][  0]LogConfig: Setting CVar [[r.EmitterSpawnRateScale:1.0]]
[2020.10.21-12.32.49:236][  0]LogConfig: Setting CVar [[r.ParticleLightQuality:2]]
[2020.10.21-12.32.49:237][  0]LogConfig: Setting CVar [[r.SkyAtmosphere.AerialPerspectiveLUT.FastApplyOnOpaque:1 ; Always have FastSkyLUT 1 in this case to avoid wrong sky]]
[2020.10.21-12.32.49:237][  0]LogConfig: Setting CVar [[r.SkyAtmosphere.AerialPerspectiveLUT.SampleCountPerSlice:1]]
[2020.10.21-12.32.49:237][  0]LogConfig: Setting CVar [[r.SkyAtmosphere.AerialPerspectiveLUT.DepthResolution:16.0]]
[2020.10.21-12.32.49:237][  0]LogConfig: Setting CVar [[r.SkyAtmosphere.FastSkyLUT:1]]
[2020.10.21-12.32.49:237][  0]LogConfig: Setting CVar [[r.SkyAtmosphere.FastSkyLUT.SampleCountMin:4.0]]
[2020.10.21-12.32.49:237][  0]LogConfig: Setting CVar [[r.SkyAtmosphere.FastSkyLUT.SampleCountMax:32.0]]
[2020.10.21-12.32.49:237][  0]LogConfig: Setting CVar [[r.SkyAtmosphere.SampleCountMin:4.0]]
[2020.10.21-12.32.49:237][  0]LogConfig: Setting CVar [[r.SkyAtmosphere.SampleCountMax:32.0]]
[2020.10.21-12.32.49:237][  0]LogConfig: Setting CVar [[r.SkyAtmosphere.TransmittanceLUT.UseSmallFormat:0]]
[2020.10.21-12.32.49:238][  0]LogConfig: Setting CVar [[r.SkyAtmosphere.TransmittanceLUT.SampleCount:10.0]]
[2020.10.21-12.32.49:238][  0]LogConfig: Setting CVar [[r.SkyAtmosphere.MultiScatteringLUT.SampleCount:15.0]]
[2020.10.21-12.32.49:238][  0]LogConfig: Applying CVar settings from Section [FoliageQuality@3] File [C:/Users/Excelsior Rakibul/Documents/GitHub/Dream-Catchers-The-Game/Dream_Catcher_Game Project_ue4_4.24.3/Dream_Catcher_Game/Saved/Config/Windows/Scalability.ini]
[2020.10.21-12.32.49:238][  0]LogConfig: Setting CVar [[foliage.DensityScale:1.0]]
[2020.10.21-12.32.49:238][  0]LogConfig: Setting CVar [[grass.DensityScale:1.0]]
[2020.10.21-12.32.49:238][  0]LogConfig: Applying CVar settings from Section [ShadingQuality@3] File [C:/Users/Excelsior Rakibul/Documents/GitHub/Dream-Catchers-The-Game/Dream_Catcher_Game Project_ue4_4.24.3/Dream_Catcher_Game/Saved/Config/Windows/Scalability.ini]
[2020.10.21-12.32.49:238][  0]LogConfig: Setting CVar [[r.HairStrands.SkyLighting.SampleCount:16]]
[2020.10.21-12.32.49:238][  0]LogConfig: Setting CVar [[r.HairStrands.SkyLighting.JitterIntegration:0]]
[2020.10.21-12.32.49:238][  0]LogConfig: Setting CVar [[r.HairStrands.SkyAO.SampleCount:16]]
[2020.10.21-12.32.49:239][  0]LogInit: Selected Device Profile: [Windows]
[2020.10.21-12.32.49:240][  0]LogInit: Applying CVar settings loaded from the selected device profile: [Windows]
[2020.10.21-12.32.49:308][  0]LogHAL: Display: Platform has ~ 10 GB [10627751936 / 17179869184 / 10], which maps to Default [LargestMinGB=32, LargerMinGB=12, DefaultMinGB=8, SmallerMinGB=6, SmallestMinGB=0)
[2020.10.21-12.32.49:308][  0]LogInit: Going up to parent DeviceProfile []
[2020.10.21-12.32.49:308][  0]LogConfig: Applying CVar settings from Section [ViewDistanceQuality@3] File [C:/Users/Excelsior Rakibul/Documents/GitHub/Dream-Catchers-The-Game/Dream_Catcher_Game Project_ue4_4.24.3/Dream_Catcher_Game/Saved/Config/Windows/Scalability.ini]
[2020.10.21-12.32.49:309][  0]LogConfig: Setting CVar [[r.SkeletalMeshLODBias:0]]
[2020.10.21-12.32.49:309][  0]LogConfig: Setting CVar [[r.ViewDistanceScale:1.0]]
[2020.10.21-12.32.49:309][  0]LogConfig: Applying CVar settings from Section [AntiAliasingQuality@3] File [C:/Users/Excelsior Rakibul/Documents/GitHub/Dream-Catchers-The-Game/Dream_Catcher_Game Project_ue4_4.24.3/Dream_Catcher_Game/Saved/Config/Windows/Scalability.ini]
[2020.10.21-12.32.49:309][  0]LogConfig: Setting CVar [[r.PostProcessAAQuality:4]]
[2020.10.21-12.32.49:309][  0]LogConfig: Applying CVar settings from Section [ShadowQuality@3] File [C:/Users/Excelsior Rakibul/Documents/GitHub/Dream-Catchers-The-Game/Dream_Catcher_Game Project_ue4_4.24.3/Dream_Catcher_Game/Saved/Config/Windows/Scalability.ini]
[2020.10.21-12.32.49:309][  0]LogConfig: Setting CVar [[r.LightFunctionQuality:1]]
[2020.10.21-12.32.49:309][  0]LogConfig: Setting CVar [[r.ShadowQuality:5]]
[2020.10.21-12.32.49:309][  0]LogConfig: Setting CVar [[r.Shadow.CSM.MaxCascades:10]]
[2020.10.21-12.32.49:309][  0]LogConfig: Setting CVar [[r.Shadow.MaxResolution:2048]]
[2020.10.21-12.32.49:309][  0]LogConfig: Setting CVar [[r.Shadow.MaxCSMResolution:2048]]
[2020.10.21-12.32.49:309][  0]LogConfig: Setting CVar [[r.Shadow.RadiusThreshold:0.01]]
[2020.10.21-12.32.49:309][  0]LogConfig: Setting CVar [[r.Shadow.DistanceScale:1.0]]
[2020.10.21-12.32.49:309][  0]LogConfig: Setting CVar [[r.Shadow.CSM.TransitionScale:1.0]]
[2020.10.21-12.32.49:309][  0]LogConfig: Setting CVar [[r.Shadow.PreShadowResolutionFactor:1.0]]
[2020.10.21-12.32.49:309][  0]LogConfig: Setting CVar [[r.DistanceFieldShadowing:1]]
[2020.10.21-12.32.49:309][  0]LogConfig: Setting CVar [[r.DistanceFieldAO:1]]
[2020.10.21-12.32.49:309][  0]LogConfig: Setting CVar [[r.AOQuality:2]]
[2020.10.21-12.32.49:309][  0]LogConfig: Setting CVar [[r.VolumetricFog:1]]
[2020.10.21-12.32.49:309][  0]LogConfig: Setting CVar [[r.VolumetricFog.GridPixelSize:8]]
[2020.10.21-12.32.49:309][  0]LogConfig: Setting CVar [[r.VolumetricFog.GridSizeZ:128]]
[2020.10.21-12.32.49:309][  0]LogConfig: Setting CVar [[r.VolumetricFog.HistoryMissSupersampleCount:4]]
[2020.10.21-12.32.49:309][  0]LogConfig: Setting CVar [[r.LightMaxDrawDistanceScale:1]]
[2020.10.21-12.32.49:309][  0]LogConfig: Setting CVar [[r.CapsuleShadows:1]]
[2020.10.21-12.32.49:309][  0]LogConfig: Applying CVar settings from Section [PostProcessQuality@3] File [C:/Users/Excelsior Rakibul/Documents/GitHub/Dream-Catchers-The-Game/Dream_Catcher_Game Project_ue4_4.24.3/Dream_Catcher_Game/Saved/Config/Windows/Scalability.ini]
[2020.10.21-12.32.49:309][  0]LogConfig: Setting CVar [[r.MotionBlurQuality:4]]
[2020.10.21-12.32.49:309][  0]LogConfig: Setting CVar [[r.AmbientOcclusionMipLevelFactor:0.4]]
[2020.10.21-12.32.49:309][  0]LogConfig: Setting CVar [[r.AmbientOcclusionMaxQuality:100]]
[2020.10.21-12.32.49:309][  0]LogConfig: Setting CVar [[r.AmbientOcclusionLevels:-1]]
[2020.10.21-12.32.49:309][  0]LogConfig: Setting CVar [[r.AmbientOcclusionRadiusScale:1.0]]
[2020.10.21-12.32.49:309][  0]LogConfig: Setting CVar [[r.DepthOfFieldQuality:2]]
[2020.10.21-12.32.49:309][  0]LogConfig: Setting CVar [[r.RenderTargetPoolMin:400]]
[2020.10.21-12.32.49:309][  0]LogConfig: Setting CVar [[r.LensFlareQuality:2]]
[2020.10.21-12.32.49:309][  0]LogConfig: Setting CVar [[r.SceneColorFringeQuality:1]]
[2020.10.21-12.32.49:309][  0]LogConfig: Setting CVar [[r.EyeAdaptationQuality:2]]
[2020.10.21-12.32.49:309][  0]LogConfig: Setting CVar [[r.BloomQuality:5]]
[2020.10.21-12.32.49:309][  0]LogConfig: Setting CVar [[r.FastBlurThreshold:100]]
[2020.10.21-12.32.49:309][  0]LogConfig: Setting CVar [[r.Upscale.Quality:3]]
[2020.10.21-12.32.49:309][  0]LogConfig: Setting CVar [[r.Tonemapper.GrainQuantization:1]]
[2020.10.21-12.32.49:310][  0]LogConfig: Setting CVar [[r.LightShaftQuality:1]]
[2020.10.21-12.32.49:310][  0]LogConfig: Setting CVar [[r.Filter.SizeScale:1]]
[2020.10.21-12.32.49:310][  0]LogConfig: Setting CVar [[r.Tonemapper.Quality:5]]
[2020.10.21-12.32.49:310][  0]LogConfig: Setting CVar [[r.DOF.Gather.AccumulatorQuality:1        ; higher gathering accumulator quality]]
[2020.10.21-12.32.49:310][  0]LogConfig: Setting CVar [[r.DOF.Gather.PostfilterMethod:1          ; Median3x3 postfilering method]]
[2020.10.21-12.32.49:310][  0]LogConfig: Setting CVar [[r.DOF.Gather.EnableBokehSettings:0       ; no bokeh simulation when gathering]]
[2020.10.21-12.32.49:310][  0]LogConfig: Setting CVar [[r.DOF.Gather.RingCount:4                 ; medium number of samples when gathering]]
[2020.10.21-12.32.49:310][  0]LogConfig: Setting CVar [[r.DOF.Scatter.ForegroundCompositing:1    ; additive foreground scattering]]
[2020.10.21-12.32.49:310][  0]LogConfig: Setting CVar [[r.DOF.Scatter.BackgroundCompositing:2    ; additive background scattering]]
[2020.10.21-12.32.49:310][  0]LogConfig: Setting CVar [[r.DOF.Scatter.EnableBokehSettings:1      ; bokeh simulation when scattering]]
[2020.10.21-12.32.49:310][  0]LogConfig: Setting CVar [[r.DOF.Scatter.MaxSpriteRatio:0.1         ; only a maximum of 10% of scattered bokeh]]
[2020.10.21-12.32.49:310][  0]LogConfig: Setting CVar [[r.DOF.Recombine.Quality:1                ; cheap slight out of focus]]
[2020.10.21-12.32.49:310][  0]LogConfig: Setting CVar [[r.DOF.Recombine.EnableBokehSettings:0    ; no bokeh simulation on slight out of focus]]
[2020.10.21-12.32.49:310][  0]LogConfig: Setting CVar [[r.DOF.TemporalAAQuality:1                ; more stable temporal accumulation]]
[2020.10.21-12.32.49:310][  0]LogConfig: Setting CVar [[r.DOF.Kernel.MaxForegroundRadius:0.025]]
[2020.10.21-12.32.49:310][  0]LogConfig: Setting CVar [[r.DOF.Kernel.MaxBackgroundRadius:0.025]]
[2020.10.21-12.32.49:310][  0]LogConfig: Applying CVar settings from Section [TextureQuality@3] File [C:/Users/Excelsior Rakibul/Documents/GitHub/Dream-Catchers-The-Game/Dream_Catcher_Game Project_ue4_4.24.3/Dream_Catcher_Game/Saved/Config/Windows/Scalability.ini]
[2020.10.21-12.32.49:310][  0]LogConfig: Setting CVar [[r.Streaming.MipBias:0]]
[2020.10.21-12.32.49:310][  0]LogConfig: Setting CVar [[r.Streaming.AmortizeCPUToGPUCopy:0]]
[2020.10.21-12.32.49:310][  0]LogConfig: Setting CVar [[r.Streaming.MaxNumTexturesToStreamPerFrame:0]]
[2020.10.21-12.32.49:310][  0]LogConfig: Setting CVar [[r.Streaming.Boost:1]]
[2020.10.21-12.32.49:310][  0]LogConfig: Setting CVar [[r.MaxAnisotropy:8]]
[2020.10.21-12.32.49:310][  0]LogConfig: Setting CVar [[r.VT.MaxAnisotropy:8]]
[2020.10.21-12.32.49:310][  0]LogConfig: Setting CVar [[r.Streaming.LimitPoolSizeToVRAM:0]]
[2020.10.21-12.32.49:310][  0]LogConfig: Setting CVar [[r.Streaming.PoolSize:1000]]
[2020.10.21-12.32.49:311][  0]LogConfig: Setting CVar [[r.Streaming.MaxEffectiveScreenSize:0]]
[2020.10.21-12.32.49:311][  0]LogConfig: Applying CVar settings from Section [EffectsQuality@3] File [C:/Users/Excelsior Rakibul/Documents/GitHub/Dream-Catchers-The-Game/Dream_Catcher_Game Project_ue4_4.24.3/Dream_Catcher_Game/Saved/Config/Windows/Scalability.ini]
[2020.10.21-12.32.49:311][  0]LogConfig: Setting CVar [[r.TranslucencyLightingVolumeDim:64]]
[2020.10.21-12.32.49:311][  0]LogConfig: Setting CVar [[r.RefractionQuality:2]]
[2020.10.21-12.32.49:311][  0]LogConfig: Setting CVar [[r.SSR.Quality:3]]
[2020.10.21-12.32.49:311][  0]LogConfig: Setting CVar [[r.SSR.HalfResSceneColor:0]]
[2020.10.21-12.32.49:311][  0]LogConfig: Setting CVar [[r.SceneColorFormat:4]]
[2020.10.21-12.32.49:311][  0]LogConfig: Setting CVar [[r.DetailMode:2]]
[2020.10.21-12.32.49:311][  0]LogConfig: Setting CVar [[r.TranslucencyVolumeBlur:1]]
[2020.10.21-12.32.49:311][  0]LogConfig: Setting CVar [[r.MaterialQualityLevel:1 ; High quality]]
[2020.10.21-12.32.49:311][  0]LogConfig: Setting CVar [[r.SSS.Scale:1]]
[2020.10.21-12.32.49:311][  0]LogConfig: Setting CVar [[r.SSS.SampleSet:2]]
[2020.10.21-12.32.49:311][  0]LogConfig: Setting CVar [[r.SSS.Quality:1]]
[2020.10.21-12.32.49:311][  0]LogConfig: Setting CVar [[r.SSS.HalfRes:1]]
[2020.10.21-12.32.49:311][  0]LogConfig: Setting CVar [[r.SSGI.Quality:3]]
[2020.10.21-12.32.49:311][  0]LogConfig: Setting CVar [[r.EmitterSpawnRateScale:1.0]]
[2020.10.21-12.32.49:311][  0]LogConfig: Setting CVar [[r.ParticleLightQuality:2]]
[2020.10.21-12.32.49:311][  0]LogConfig: Setting CVar [[r.SkyAtmosphere.AerialPerspectiveLUT.FastApplyOnOpaque:1 ; Always have FastSkyLUT 1 in this case to avoid wrong sky]]
[2020.10.21-12.32.49:311][  0]LogConfig: Setting CVar [[r.SkyAtmosphere.AerialPerspectiveLUT.SampleCountPerSlice:1]]
[2020.10.21-12.32.49:311][  0]LogConfig: Setting CVar [[r.SkyAtmosphere.AerialPerspectiveLUT.DepthResolution:16.0]]
[2020.10.21-12.32.49:311][  0]LogConfig: Setting CVar [[r.SkyAtmosphere.FastSkyLUT:1]]
[2020.10.21-12.32.49:311][  0]LogConfig: Setting CVar [[r.SkyAtmosphere.FastSkyLUT.SampleCountMin:4.0]]
[2020.10.21-12.32.49:311][  0]LogConfig: Setting CVar [[r.SkyAtmosphere.FastSkyLUT.SampleCountMax:32.0]]
[2020.10.21-12.32.49:311][  0]LogConfig: Setting CVar [[r.SkyAtmosphere.SampleCountMin:4.0]]
[2020.10.21-12.32.49:311][  0]LogConfig: Setting CVar [[r.SkyAtmosphere.SampleCountMax:32.0]]
[2020.10.21-12.32.49:311][  0]LogConfig: Setting CVar [[r.SkyAtmosphere.TransmittanceLUT.UseSmallFormat:0]]
[2020.10.21-12.32.49:311][  0]LogConfig: Setting CVar [[r.SkyAtmosphere.TransmittanceLUT.SampleCount:10.0]]
[2020.10.21-12.32.49:311][  0]LogConfig: Setting CVar [[r.SkyAtmosphere.MultiScatteringLUT.SampleCount:15.0]]
[2020.10.21-12.32.49:311][  0]LogConfig: Applying CVar settings from Section [FoliageQuality@3] File [C:/Users/Excelsior Rakibul/Documents/GitHub/Dream-Catchers-The-Game/Dream_Catcher_Game Project_ue4_4.24.3/Dream_Catcher_Game/Saved/Config/Windows/Scalability.ini]
[2020.10.21-12.32.49:311][  0]LogConfig: Setting CVar [[foliage.DensityScale:1.0]]
[2020.10.21-12.32.49:311][  0]LogConfig: Setting CVar [[grass.DensityScale:1.0]]
[2020.10.21-12.32.49:311][  0]LogConfig: Applying CVar settings from Section [ShadingQuality@3] File [C:/Users/Excelsior Rakibul/Documents/GitHub/Dream-Catchers-The-Game/Dream_Catcher_Game Project_ue4_4.24.3/Dream_Catcher_Game/Saved/Config/Windows/Scalability.ini]
[2020.10.21-12.32.49:311][  0]LogConfig: Setting CVar [[r.HairStrands.SkyLighting.SampleCount:16]]
[2020.10.21-12.32.49:311][  0]LogConfig: Setting CVar [[r.HairStrands.SkyLighting.JitterIntegration:0]]
[2020.10.21-12.32.49:311][  0]LogConfig: Setting CVar [[r.HairStrands.SkyAO.SampleCount:16]]
[2020.10.21-12.32.49:311][  0]LogConfig: Applying CVar settings from Section [Startup] File [../../../Engine/Config/ConsoleVariables.ini]
[2020.10.21-12.32.49:334][  0]LogConfig: Setting CVar [[net.UseAdaptiveNetUpdateFrequency:0]]
[2020.10.21-12.32.49:334][  0]LogConfig: Setting CVar [[p.chaos.AllowCreatePhysxBodies:1]]
[2020.10.21-12.32.49:334][  0]LogConfig: Applying CVar settings from Section [ConsoleVariables] File [C:/Users/Excelsior Rakibul/Documents/GitHub/Dream-Catchers-The-Game/Dream_Catcher_Game Project_ue4_4.24.3/Dream_Catcher_Game/Saved/Config/Windows/Engine.ini]
[2020.10.21-12.32.49:353][  0]LogInit: Computer: DESKTOP-AIT4BUU
[2020.10.21-12.32.49:354][  0]LogInit: User: ExcelsiorRakibul
[2020.10.21-12.32.49:354][  0]LogInit: CPU Page size=4096, Cores=2
[2020.10.21-12.32.49:354][  0]LogInit: High frequency timer resolution =10.000000 MHz
[2020.10.21-12.32.49:355][  0]LogMemory: Memory total: Physical=9.9GB (10GB approx)
[2020.10.21-12.32.49:356][  0]LogMemory: Platform Memory Stats for Windows
[2020.10.21-12.32.49:360][  0]LogMemory: Process Physical Memory: 107.64 MB used, 107.64 MB peak
[2020.10.21-12.32.49:360][  0]LogMemory: Process Virtual Memory: 99.43 MB used, 99.43 MB peak
[2020.10.21-12.32.49:360][  0]LogMemory: Physical Memory: 6639.38 MB used,  3496.04 MB free, 10135.41 MB total
[2020.10.21-12.32.49:360][  0]LogMemory: Virtual Memory: 5119.49 MB used,  134212608.00 MB free, 134217728.00 MB total
[2020.10.21-12.32.49:380][  0]LogWindows: WindowsPlatformFeatures enabled
[2020.10.21-12.32.50:850][  0]LogInit: Using OS detected language (en-US).
[2020.10.21-12.32.50:850][  0]LogInit: Using OS detected locale (en-US).
[2020.10.21-12.32.50:873][  0]LogTextLocalizationManager: No specific localization for 'en-US' exists, so the 'en' localization will be used.
[2020.10.21-12.32.51:526][  0]LogInit: Setting process to per monitor DPI aware
[2020.10.21-12.32.52:015][  0]LogSlate: New Slate User Created.  User Index 0, Is Virtual User: 0
[2020.10.21-12.32.52:015][  0]LogSlate: Slate User Registered.  User Index 0, Is Virtual User: 0
[2020.10.21-12.32.55:781][  0]LogHMD: Failed to initialize OpenVR with code 110
[2020.10.21-12.32.55:781][  0]LogD3D11RHI: D3D11 min allowed feature level: 11_0
[2020.10.21-12.32.55:782][  0]LogD3D11RHI: D3D11 max allowed feature level: 11_0
[2020.10.21-12.32.55:782][  0]LogD3D11RHI: D3D11 adapters:
[2020.10.21-12.32.55:828][  0]LogD3D11RHI:    0. 'Intel(R) HD Graphics 4400' (Feature Level 11_0)
[2020.10.21-12.32.55:828][  0]LogD3D11RHI:       112/0/2048 MB DedicatedVideo/DedicatedSystem/SharedSystem, Outputs:1, VendorId:0x8086
[2020.10.21-12.32.55:861][  0]LogD3D11RHI:    1. 'Microsoft Basic Render Driver' (Feature Level 11_0)
[2020.10.21-12.32.55:861][  0]LogD3D11RHI:       0/0/5067 MB DedicatedVideo/DedicatedSystem/SharedSystem, Outputs:0, VendorId:0x1414
[2020.10.21-12.32.55:861][  0]LogD3D11RHI: Chosen D3D11 Adapter: 0
[2020.10.21-12.32.55:878][  0]LogD3D11RHI: Creating new Direct3DDevice
[2020.10.21-12.32.55:878][  0]LogD3D11RHI:     GPU DeviceId: 0x41e (for the marketing name, search the web for "GPU Device Id")
[2020.10.21-12.32.55:878][  0]LogWindows: EnumDisplayDevices:
[2020.10.21-12.32.55:879][  0]LogWindows:    0. 'Intel(R) HD Graphics 4400' (P:1 D:1)
[2020.10.21-12.32.55:879][  0]LogWindows:    1. 'Intel(R) HD Graphics 4400' (P:0 D:0)
[2020.10.21-12.32.55:879][  0]LogWindows: DebugString: FoundDriverCount:2 
[2020.10.21-12.32.55:879][  0]LogD3D11RHI:     Adapter Name: Intel(R) HD Graphics 4400
[2020.10.21-12.32.55:879][  0]LogD3D11RHI:   Driver Version: 20.19.15.5144 (internal:20.19.15.5144, unified:20.19.15.5144)
[2020.10.21-12.32.55:879][  0]LogD3D11RHI:      Driver Date: 5-15-2020
[2020.10.21-12.32.55:879][  0]LogRHI: Texture pool is 795 MB (70% of 1136 MB)
[2020.10.21-12.32.55:890][  0]LogD3D11RHI: RHI does not have support for 64 bit atomics
[2020.10.21-12.32.55:890][  0]LogD3D11RHI: Async texture creation enabled
[2020.10.21-12.32.56:032][  0]LogD3D11RHI: GPU Timing Frequency: 12.500000 (Debug: 2 0)
[2020.10.21-12.32.57:035][  0]LogTargetPlatformManager: Display: Loaded TargetPlatform 'AllDesktop'
[2020.10.21-12.32.57:154][  0]LogTargetPlatformManager: Display: Loaded TargetPlatform 'Android'
[2020.10.21-12.32.57:154][  0]LogTargetPlatformManager: Display: Loaded TargetPlatform 'Android_ASTC'
[2020.10.21-12.32.57:154][  0]LogTargetPlatformManager: Display: Loaded TargetPlatform 'Android_ATC'
[2020.10.21-12.32.57:155][  0]LogTargetPlatformManager: Display: Loaded TargetPlatform 'Android_DXT'
[2020.10.21-12.32.57:155][  0]LogTargetPlatformManager: Display: Loaded TargetPlatform 'Android_ETC1'
[2020.10.21-12.32.57:155][  0]LogTargetPlatformManager: Display: Loaded TargetPlatform 'Android_ETC1a'
[2020.10.21-12.32.57:155][  0]LogTargetPlatformManager: Display: Loaded TargetPlatform 'Android_ETC2'
[2020.10.21-12.32.57:155][  0]LogTargetPlatformManager: Display: Loaded TargetPlatform 'Android_PVRTC'
[2020.10.21-12.32.57:155][  0]LogTargetPlatformManager: Display: Loaded TargetPlatform 'AndroidClient'
[2020.10.21-12.32.57:155][  0]LogTargetPlatformManager: Display: Loaded TargetPlatform 'Android_ASTCClient'
[2020.10.21-12.32.57:155][  0]LogTargetPlatformManager: Display: Loaded TargetPlatform 'Android_ATCClient'
[2020.10.21-12.32.57:155][  0]LogTargetPlatformManager: Display: Loaded TargetPlatform 'Android_DXTClient'
[2020.10.21-12.32.57:155][  0]LogTargetPlatformManager: Display: Loaded TargetPlatform 'Android_ETC1Client'
[2020.10.21-12.32.57:155][  0]LogTargetPlatformManager: Display: Loaded TargetPlatform 'Android_ETC1aClient'
[2020.10.21-12.32.57:155][  0]LogTargetPlatformManager: Display: Loaded TargetPlatform 'Android_ETC2Client'
[2020.10.21-12.32.57:155][  0]LogTargetPlatformManager: Display: Loaded TargetPlatform 'Android_PVRTCClient'
[2020.10.21-12.32.57:155][  0]LogTargetPlatformManager: Display: Loaded TargetPlatform 'Android_Multi'
[2020.10.21-12.32.57:155][  0]LogTargetPlatformManager: Display: Loaded TargetPlatform 'Android_MultiClient'
[2020.10.21-12.32.57:270][  0]LogTargetPlatformManager: Display: Loaded TargetPlatform 'IOSClient'
[2020.10.21-12.32.57:270][  0]LogTargetPlatformManager: Display: Loaded TargetPlatform 'IOS'
[2020.10.21-12.32.57:314][  0]LogTargetPlatformManager: Display: Loaded TargetPlatform 'LinuxNoEditor'
[2020.10.21-12.32.57:344][  0]LogTargetPlatformManager: Display: Loaded TargetPlatform 'LinuxClient'
[2020.10.21-12.32.57:370][  0]LogTargetPlatformManager: Display: Loaded TargetPlatform 'LinuxServer'
[2020.10.21-12.32.57:396][  0]LogTargetPlatformManager: Display: Loaded TargetPlatform 'LinuxAArch64NoEditor'
[2020.10.21-12.32.57:426][  0]LogTargetPlatformManager: Display: Loaded TargetPlatform 'LinuxAArch64Client'
[2020.10.21-12.32.57:449][  0]LogTargetPlatformManager: Display: Loaded TargetPlatform 'LinuxAArch64Server'
[2020.10.21-12.32.57:500][  0]LogTargetPlatformManager: Display: Loaded TargetPlatform 'Lumin'
[2020.10.21-12.32.57:500][  0]LogTargetPlatformManager: Display: Loaded TargetPlatform 'LuminClient'
[2020.10.21-12.32.57:550][  0]LogTargetPlatformManager: Display: Loaded TargetPlatform 'TVOSClient'
[2020.10.21-12.32.57:550][  0]LogTargetPlatformManager: Display: Loaded TargetPlatform 'TVOS'
[2020.10.21-12.32.57:601][  0]LogTargetPlatformManager: Display: Loaded TargetPlatform 'WindowsNoEditor'
[2020.10.21-12.32.57:643][  0]LogTargetPlatformManager: Display: Loaded TargetPlatform 'Windows'
[2020.10.21-12.32.57:703][  0]LogTargetPlatformManager: Display: Loaded TargetPlatform 'WindowsClient'
[2020.10.21-12.32.57:744][  0]LogTargetPlatformManager: Display: Loaded TargetPlatform 'WindowsServer'
[2020.10.21-12.32.57:745][  0]LogTargetPlatformManager: Display: Building Assets For Windows
[2020.10.21-12.32.57:933][  0]LogAudioDebug: Display: Lib vorbis DLL was dynamically loaded.
[2020.10.21-12.32.58:694][  0]LogShaderCompilers: Guid format shader working directory is -66 characters bigger than the processId version (C:/Users/Excelsior Rakibul/Documents/GitHub/Dream-Catchers-The-Game/Dream_Catcher_Game Project_ue4_4.24.3/Dream_Catcher_Game/Intermediate/Shaders/WorkingDirectory/7796/).
[2020.10.21-12.32.58:694][  0]LogShaderCompilers: Cleaned the shader compiler working directory 'C:/Users/Excelsior Rakibul/AppData/Local/Temp/UnrealShaderWorkingDir/FA65C36847F751AFAD4096B88029D294/'.
[2020.10.21-12.32.58:709][  0]LogXGEController: Cannot use XGE Controller as Incredibuild is not installed on this machine.
[2020.10.21-12.32.58:709][  0]LogShaderCompilers: Cannot use XGE Shader Compiler as Incredibuild is not installed on this machine.
[2020.10.21-12.32.58:709][  0]LogShaderCompilers: Display: Using Local Shader Compiler.
[2020.10.21-12.33.04:035][  0]LogDerivedDataCache: Display: Max Cache Size: 512 MB
[2020.10.21-12.33.04:035][  0]LogDerivedDataCache: Display: Starting with empty Boot cache
[2020.10.21-12.33.04:035][  0]LogDerivedDataCache: FDerivedDataBackendGraph:  Pak pak cache file C:/Users/Excelsior Rakibul/Documents/GitHub/Dream-Catchers-The-Game/Dream_Catcher_Game Project_ue4_4.24.3/Dream_Catcher_Game/DerivedDataCache/DDC.ddp not found, will not use a pak cache.
[2020.10.21-12.33.04:036][  0]LogDerivedDataCache: Unable to find inner node Pak for hierarchical cache Hierarchy.
[2020.10.21-12.33.04:036][  0]LogDerivedDataCache: FDerivedDataBackendGraph:  CompressedPak pak cache file C:/Users/Excelsior Rakibul/Documents/GitHub/Dream-Catchers-The-Game/Dream_Catcher_Game Project_ue4_4.24.3/Dream_Catcher_Game/DerivedDataCache/Compressed.ddp not found, will not use a pak cache.
[2020.10.21-12.33.04:036][  0]LogDerivedDataCache: Unable to find inner node CompressedPak for hierarchical cache Hierarchy.
[2020.10.21-12.33.04:105][  0]LogDerivedDataCache: Display: Pak cache opened for reading ../../../Engine/DerivedDataCache/Compressed.ddp.
[2020.10.21-12.33.04:106][  0]LogDerivedDataCache: FDerivedDataBackendGraph:  EnterprisePak pak cache file ../../../Enterprise/DerivedDataCache/Compressed.ddp not found, will not use a pak cache.
[2020.10.21-12.33.04:106][  0]LogDerivedDataCache: Unable to find inner node EnterprisePak for hierarchical cache Hierarchy.
[2020.10.21-12.33.04:108][  0]LogDerivedDataCache: Using Local data cache path C:/Users/Excelsior Rakibul/AppData/Local/UnrealEngine/Common/DerivedDataCache: Writable
[2020.10.21-12.33.04:108][  0]LogDerivedDataCache: Shared data cache path not found in *engine.ini, will not use an Shared cache.
[2020.10.21-12.33.04:108][  0]LogDerivedDataCache: Unable to find inner node Shared for hierarchical cache Hierarchy.
[2020.10.21-12.33.04:419][  0]LogMaterial: Verifying Global Shaders for PCD3D_SM5
[2020.10.21-12.33.04:493][  0]LogSlate: Using FreeType 2.10.0
[2020.10.21-12.33.04:612][  0]LogSlate: SlateFontServices - WITH_FREETYPE: 1, WITH_HARFBUZZ: 1
[2020.10.21-12.33.06:508][  0]LogAssetRegistry: FAssetRegistry took 0.0054 seconds to start up
[2020.10.21-12.33.10:837][  0]LogInit: Selected Device Profile: [Windows]
[2020.10.21-12.33.13:270][  0]LogMeshReduction: Using QuadricMeshReduction for automatic static mesh reduction
[2020.10.21-12.33.13:270][  0]LogMeshReduction: Using SimplygonMeshReduction for automatic skeletal mesh reduction
[2020.10.21-12.33.13:270][  0]LogMeshReduction: Using ProxyLODMeshReduction for automatic mesh merging
[2020.10.21-12.33.13:270][  0]LogMeshReduction: No distributed automatic mesh merging module available
[2020.10.21-12.33.13:270][  0]LogMeshMerging: No distributed automatic mesh merging module available
[2020.10.21-12.33.13:767][  0]LogNetVersion: Dream_Catcher_Game 1.0.0, NetCL: 10570792, EngineNetVer: 13, GameNetVer: 0 (Checksum: 376110777)
[2020.10.21-12.33.36:546][  0]LogPackageLocalizationCache: Processed 10 localized package path(s) for 1 prioritized culture(s) in 0.077200 seconds
[2020.10.21-12.33.36:569][  0]LogUObjectArray: 46750 objects as part of root set at end of initial load.
[2020.10.21-12.33.36:569][  0]LogUObjectAllocator: 8137160 out of 0 bytes used by permanent object pool.
[2020.10.21-12.33.36:569][  0]LogUObjectArray: CloseDisregardForGC: 0/0 objects in disregard for GC pool
[2020.10.21-12.33.41:078][  0]LogTcpMessaging: Initializing TcpMessaging bridge
[2020.10.21-12.33.41:125][  0]LogUdpMessaging: Initializing bridge on interface 0.0.0.0:0 to multicast group 230.0.0.1:6666.
[2020.10.21-12.33.41:899][  0]SourceControl: Source control is disabled
[2020.10.21-12.33.41:909][  0]SourceControl: Source control is disabled
[2020.10.21-12.33.41:993][  0]SourceControl: Source control is disabled
[2020.10.21-12.33.42:022][  0]SourceControl: Source control is disabled
[2020.10.21-12.33.42:046][  0]SourceControl: Source control is disabled
[2020.10.21-12.33.42:110][  0]LogVSAccessor: Display: Unable to create Visual Studio setup instance: 80040154
[2020.10.21-12.33.42:110][  0]LogVSAccessor: Display: Unable to create Visual Studio setup instance: 80040154
[2020.10.21-12.33.43:570][  0]LogAndroidPermission: UAndroidPermissionCallbackProxy::GetInstance
[2020.10.21-12.33.43:728][  0]LogAudioCaptureCore: Display: No Audio Capture implementations found. Audio input will be silent.
[2020.10.21-12.33.43:728][  0]LogAudioCaptureCore: Display: No Audio Capture implementations found. Audio input will be silent.
[2020.10.21-12.33.44:172][  0]LogOcInput: OculusInput pre-init called
[2020.10.21-12.33.44:258][  0]LogWindows: Failed to load 'OVRPlugin.dll' (GetLastError=126)
[2020.10.21-12.33.44:258][  0]LogWindows: File 'OVRPlugin.dll' does not exist
[2020.10.21-12.33.45:078][  0]LogEngine: Initializing Engine...
[2020.10.21-12.33.45:103][  0]LogHMD: Failed to initialize OpenVR with code 110
[2020.10.21-12.33.45:155][  0]LogStats: UGameplayTagsManager::InitializeManager -  0.022 s
[2020.10.21-12.33.46:076][  0]LogInit: Initializing FReadOnlyCVARCache
[2020.10.21-12.33.46:411][  0]LogAIModule: Creating AISystem for world Untitled
[2020.10.21-12.33.46:630][  0]LogAudioMixer: Display: Audio Mixer Platform Settings:
[2020.10.21-12.33.46:630][  0]LogAudioMixer: Display: 	Sample Rate:						  48000
[2020.10.21-12.33.46:630][  0]LogAudioMixer: Display: 	Callback Buffer Frame Size Requested: 1024
[2020.10.21-12.33.46:630][  0]LogAudioMixer: Display: 	Callback Buffer Frame Size To Use:	  1024
[2020.10.21-12.33.46:630][  0]LogAudioMixer: Display: 	Number of buffers to queue:			  2
[2020.10.21-12.33.46:630][  0]LogAudioMixer: Display: 	Max Channels (voices):				  32
[2020.10.21-12.33.46:630][  0]LogAudioMixer: Display: 	Number of Async Source Workers:		  0
[2020.10.21-12.33.46:630][  0]LogAudio: Display: AudioDevice MaxSources: 32
[2020.10.21-12.33.46:635][  0]LogAudio: Display: Using built-in audio occlusion.
[2020.10.21-12.33.46:635][  0]LogAudioMixer: Display: Initializing audio mixer.
[2020.10.21-12.33.46:676][  0]LogAudioMixer: Display: Audio Device Output Speaker Info:
[2020.10.21-12.33.46:676][  0]LogAudioMixer: Display: Name: Speakers (Realtek High Definition Audio)
[2020.10.21-12.33.46:676][  0]LogAudioMixer: Display: Is Default: Yes
[2020.10.21-12.33.46:676][  0]LogAudioMixer: Display: Sample Rate: 48000
[2020.10.21-12.33.46:676][  0]LogAudioMixer: Display: Channel Count Used: 2
[2020.10.21-12.33.46:676][  0]LogAudioMixer: Display: Device Channel Count: 2
[2020.10.21-12.33.46:676][  0]LogAudioMixer: Display: Channel Order:
[2020.10.21-12.33.46:676][  0]LogAudioMixer: Display: 0: FrontLeft
[2020.10.21-12.33.46:676][  0]LogAudioMixer: Display: 1: FrontRight
[2020.10.21-12.33.46:712][  0]LogAudioMixer: Display: Using Audio Device Speakers (Realtek High Definition Audio)
[2020.10.21-12.33.46:720][  0]LogInit: FAudioDevice initialized.
[2020.10.21-12.33.46:721][  0]LogNetVersion: Set ProjectVersion to 1.0.0.0. Version Checksum will be recalculated on next use.
[2020.10.21-12.33.46:892][  0]LogDerivedDataCache: Saved boot cache 0.17s 79MB C:/Users/Excelsior Rakibul/AppData/Local/UnrealEngine/4.24/DerivedDataCache/Boot.ddc.
[2020.10.21-12.33.46:911][  0]LogInit: Texture streaming: Enabled
[2020.10.21-12.33.47:156][  0]LogEngineSessionManager: EngineSessionManager initialized
[2020.10.21-12.33.47:156][  0]LogEditorSessionSummary: Verbose: Initializing EditorSessionSummaryWriter for editor session tracking
[2020.10.21-12.33.47:159][  0]LogEditorSessionSummary: EditorSessionSummaryWriter initialized
[2020.10.21-12.33.47:427][  0]LogInit: Transaction tracking system initialized
[2020.10.21-12.33.47:777][  0]BlueprintLog: New page: Editor Load
[2020.10.21-12.33.49:077][  0]LocalizationService: Localization service is disabled
[2020.10.21-12.33.49:850][  0]LogVSAccessor: Display: Unable to create Visual Studio setup instance: 80040154
[2020.10.21-12.33.49:850][  0]LogVSAccessor: Display: Unable to create Visual Studio setup instance: 80040154
[2020.10.21-12.33.50:810][  0]LogFileCache: Scanning file cache for directory 'C:/Users/Excelsior Rakibul/Documents/GitHub/Dream-Catchers-The-Game/Dream_Catcher_Game Project_ue4_4.24.3/Dream_Catcher_Game/Content/' took 0.02s
[2020.10.21-12.33.50:811][  0]LogCook: Display: Max memory allowance for cook 16384mb min free memory 0mb
[2020.10.21-12.33.50:811][  0]LogCook: Display: Mobile HDR setting 1
[2020.10.21-12.33.54:311][  0]SourceControl: Source control is disabled
[2020.10.21-12.33.54:337][  0]LightingResults: New page: Lighting Build
[2020.10.21-12.33.54:426][  0]LogWorld: UWorld::CleanupWorld for Untitled, bSessionEnded=true, bCleanupResources=true
[2020.10.21-12.33.54:475][  0]LogSlate: InvalidateAllWidgets triggered.  All widgets were invalidated
[2020.10.21-12.33.54:532][  0]MapCheck: New page: Map Check
[2020.10.21-12.33.54:532][  0]LightingResults: New page: Lighting Build
[2020.10.21-12.33.55:368][  0]LogUObjectHash: Compacting FUObjectHashTables data took   5.47ms
[2020.10.21-12.33.56:986][  0]LogAIModule: Creating AISystem for world SideScrollerExampleMap
[2020.10.21-12.33.57:394][  0]LogEditorServer: Finished looking for orphan Actors (0.000 secs)
[2020.10.21-12.33.57:480][  0]LogUObjectHash: Compacting FUObjectHashTables data took   3.64ms
[2020.10.21-12.33.57:480][  0]Cmd: MAP CHECKDEP NOCLEARLOG
[2020.10.21-12.33.57:484][  0]MapCheck: Map check complete: 0 Error(s), 0 Warning(s), took 3.627ms to complete.
[2020.10.21-12.33.57:484][  0]LogFileHelpers: Loading map 'SideScrollerExampleMap' took 3.162
[2020.10.21-12.33.58:546][  0]LogSlate: Updating window title bar state: overlay mode, drag disabled, window buttons hidden, title bar hidden
[2020.10.21-12.33.58:587][  0]LogSlate: Updating window title bar state: overlay mode, drag disabled, window buttons hidden, title bar hidden
[2020.10.21-12.33.58:610][  0]LogSlate: Updating window title bar state: overlay mode, drag disabled, window buttons hidden, title bar hidden
[2020.10.21-12.33.58:619][  0]LogSlate: Updating window title bar state: overlay mode, drag disabled, window buttons hidden, title bar hidden
[2020.10.21-12.33.58:776][  0]LogCollectionManager: Loaded 0 collections in 0.001761 seconds
[2020.10.21-12.33.58:887][  0]LogFileCache: Scanning file cache for directory 'C:/Users/Excelsior Rakibul/Documents/GitHub/Dream-Catchers-The-Game/Dream_Catcher_Game Project_ue4_4.24.3/Dream_Catcher_Game/Saved/Collections/' took 0.00s
[2020.10.21-12.33.58:887][  0]LogFileCache: Scanning file cache for directory 'C:/Users/Excelsior Rakibul/Documents/GitHub/Dream-Catchers-The-Game/Dream_Catcher_Game Project_ue4_4.24.3/Dream_Catcher_Game/Content/Developers/ExcelsiorRakibul/Collections/' took 0.00s
[2020.10.21-12.33.58:887][  0]LogFileCache: Scanning file cache for directory 'C:/Users/Excelsior Rakibul/Documents/GitHub/Dream-Catchers-The-Game/Dream_Catcher_Game Project_ue4_4.24.3/Dream_Catcher_Game/Content/Collections/' took 0.00s
[2020.10.21-12.33.58:887][  0]LogContentBrowser: Native class hierarchy populated in 0.0171 seconds. Added 3015 classes and 717 folders.
[2020.10.21-12.33.58:927][  0]LogContentBrowser: Native class hierarchy updated for 'WidgetCarousel' in 0.0004 seconds. Added 0 classes and 0 folders.
[2020.10.21-12.33.59:658][  0]LogContentBrowser: Native class hierarchy updated for 'AddContentDialog' in 0.0004 seconds. Added 0 classes and 0 folders.
[2020.10.21-12.33.59:768][  0]LogContentBrowser: Native class hierarchy updated for 'SceneOutliner' in 0.0006 seconds. Added 2 classes and 3 folders.
[2020.10.21-12.34.00:283][  0]LogSlate: Took 0.037701 seconds to synchronously load lazily loaded font '../../../Engine/Content/Slate/Fonts/Roboto-Regular.ttf' (155K)
[2020.10.21-12.34.00:309][  0]LogSlate: Took 0.009061 seconds to synchronously load lazily loaded font '../../../Engine/Content/Slate/Fonts/Roboto-Bold.ttf' (160K)
[2020.10.21-12.34.00:337][  0]LogSlate: Took 0.015634 seconds to synchronously load lazily loaded font '../../../Engine/Content/Editor/Slate/Fonts/FontAwesome.ttf' (139K)
[2020.10.21-12.34.00:727][  0]LogRenderer: Reallocating scene render targets to support 856x376 Format 10 NumSamples 1 (Frame:1).
[2020.10.21-12.34.01:370][  0]LogSlate: Window 'Tutorials' being destroyed
[2020.10.21-12.34.01:439][  0]LogContentBrowser: Native class hierarchy updated for 'HierarchicalLODOutliner' in 0.0003 seconds. Added 0 classes and 0 folders.
[2020.10.21-12.34.01:439][  0]LogLoad: (Engine Initialization) Total time: 95.07 seconds
[2020.10.21-12.34.01:439][  0]LogLoad: (Engine Initialization) Total Blueprint compile time: 0.00 seconds
[2020.10.21-12.34.01:579][  0]LogContentStreaming: Texture pool size now 1000 MB
[2020.10.21-12.34.01:641][  0]LogSlate: Took 0.017500 seconds to synchronously load lazily loaded font '../../../Engine/Content/Slate/Fonts/Roboto-Light.ttf' (167K)
[2020.10.21-12.34.01:711][  1]LogAssetRegistry: Asset discovery search completed in 55.2040 seconds
[2020.10.21-12.34.01:715][  1]LogCollectionManager: Fixed up redirectors for 0 collections in 0.000031 seconds (updated 0 objects)
[2020.10.21-12.34.11:319][ 52]LogRenderer: Reallocating scene render targets to support 856x388 Format 10 NumSamples 1 (Frame:29).
[2020.10.21-12.34.11:469][ 53]LogRenderer: Reallocating scene render targets to support 856x404 Format 10 NumSamples 1 (Frame:31).
[2020.10.21-12.34.11:603][ 54]LogRenderer: Reallocating scene render targets to support 856x412 Format 10 NumSamples 1 (Frame:33).
[2020.10.21-12.34.11:724][ 55]LogRenderer: Reallocating scene render targets to support 856x428 Format 10 NumSamples 1 (Frame:35).
[2020.10.21-12.34.54:173][734]Cmd: CAMERA ALIGN ACTIVEVIEWPORTONLY
[2020.10.21-12.34.56:599][777]Cmd: DELETE
[2020.10.21-12.34.56:599][777]Cmd: ACTOR DELETE
[2020.10.21-12.34.56:664][777]LogEditorActor: Deleted Actor: Actor
[2020.10.21-12.34.56:705][777]LogUObjectHash: Compacting FUObjectHashTables data took   1.89ms
[2020.10.21-12.34.56:707][777]LogEditorActor: Deleted 1 Actors (0.068 secs)
[2020.10.21-12.34.58:760][814]LogActorFactory: Actor Factory created Cube
[2020.10.21-12.34.59:993][835]LogActorFactory: Actor Factory created Cube
[2020.10.21-12.35.26:727][295]LogSlate: Took 0.000233 seconds to synchronously load lazily loaded font '../../../Engine/Content/Slate/Fonts/Roboto-Light.ttf' (167K)
[2020.10.21-12.35.26:796][295]LogUObjectHash: Compacting FUObjectHashTables data took   2.39ms
[2020.10.21-12.35.27:106][295]LogSavePackage: Moving 'C:/Users/Excelsior Rakibul/Documents/GitHub/Dream-Catchers-The-Game/Dream_Catcher_Game Project_ue4_4.24.3/Dream_Catcher_Game/Saved/SideScrollerExampleMapD7FE400E4B179C4DBED27F8B441D40AA.tmp' to 'C:/Users/Excelsior Rakibul/Documents/GitHub/Dream-Catchers-The-Game/Dream_Catcher_Game Project_ue4_4.24.3/Dream_Catcher_Game/Content/SideScrollerBP/Maps/SideScrollerExampleMap.umap'
[2020.10.21-12.35.27:838][295]LogSavePackage: Moving 'C:/Users/Excelsior Rakibul/Documents/GitHub/Dream-Catchers-The-Game/Dream_Catcher_Game Project_ue4_4.24.3/Dream_Catcher_Game/Saved/SideScrollerExampleMap_BuiltDataEBA40E3F43BA1E96F1C98288144C838C.tmp' to 'C:/Users/Excelsior Rakibul/Documents/GitHub/Dream-Catchers-The-Game/Dream_Catcher_Game Project_ue4_4.24.3/Dream_Catcher_Game/Content/SideScrollerBP/Maps/SideScrollerExampleMap_BuiltData.uasset'
[2020.10.21-12.35.27:878][295]AssetCheck: New page: Asset Save: multiple assets
[2020.10.21-12.35.27:879][295]LogContentValidation: Display: Validating World /Game/SideScrollerBP/Maps/SideScrollerExampleMap.SideScrollerExampleMap
[2020.10.21-12.35.27:879][295]LogContentValidation: Display: Validating MapBuildDataRegistry /Game/SideScrollerBP/Maps/SideScrollerExampleMap_BuiltData.SideScrollerExampleMap_BuiltData
[2020.10.21-12.35.30:581][344]LogUObjectHash: Compacting FUObjectHashTables data took   4.82ms
[2020.10.21-12.35.30:649][344]LogSlate: Window 'Dream_Catcher_Game - Unreal Editor' being destroyed
[2020.10.21-12.35.30:650][344]LogWindowsTextInputMethodSystem: Display: IME system now deactivated.
[2020.10.21-12.35.30:825][345]Cmd: QUIT_EDITOR
[2020.10.21-12.35.30:825][345]LogCore: Engine exit requested (reason: UUnrealEdEngine::CloseEditor())
[2020.10.21-12.35.30:857][345]LogCore: Engine exit requested (reason: EngineExit() was called; note: exit was already requested)
[2020.10.21-12.35.30:858][345]LogAudioMixer: Display: No commands were queued while flushing the source manager.
[2020.10.21-12.35.30:916][345]LogExit: Preparing to exit.
[2020.10.21-12.35.31:432][345]LogWorld: UWorld::CleanupWorld for World_1, bSessionEnded=true, bCleanupResources=true
[2020.10.21-12.35.31:432][345]LogWorld: UWorld::CleanupWorld for World_0, bSessionEnded=true, bCleanupResources=true
[2020.10.21-12.35.31:441][345]LogDemo: Cleaned up 0 splitscreen connections with owner deletion
[2020.10.21-12.35.31:485][345]LogWorld: UWorld::CleanupWorld for None, bSessionEnded=true, bCleanupResources=true
[2020.10.21-12.35.31:485][345]LogExit: Editor shut down
[2020.10.21-12.35.31:485][345]LogExit: Transaction tracking system shut down
[2020.10.21-12.35.32:160][345]LogExit: Object subsystem successfully closed.
[2020.10.21-12.35.32:205][345]LogShaderCompilers: Display: Shaders left to compile 0
[2020.10.21-12.35.32:549][345]LogModuleManager: Shutting down and abandoning module HierarchicalLODOutliner (696)
[2020.10.21-12.35.32:549][345]LogModuleManager: Shutting down and abandoning module SceneOutliner (694)
[2020.10.21-12.35.32:549][345]LogModuleManager: Shutting down and abandoning module AddContentDialog (692)
[2020.10.21-12.35.32:550][345]LogModuleManager: Shutting down and abandoning module WidgetCarousel (691)
[2020.10.21-12.35.32:550][345]LogModuleManager: Shutting down and abandoning module EditorWidgets (688)
[2020.10.21-12.35.32:550][345]LogModuleManager: Shutting down and abandoning module CollectionManager (686)
[2020.10.21-12.35.32:551][345]LogModuleManager: Shutting down and abandoning module StatsViewer (684)
[2020.10.21-12.35.32:559][345]LogModuleManager: Shutting down and abandoning module VirtualTexturingEditor (682)
[2020.10.21-12.35.32:559][345]LogModuleManager: Shutting down and abandoning module FoliageEdit (680)
[2020.10.21-12.35.32:559][345]LogModuleManager: Shutting down and abandoning module LandscapeEditor (678)
[2020.10.21-12.35.32:582][345]LogModuleManager: Shutting down and abandoning module MeshPaintMode (676)
[2020.10.21-12.35.32:583][345]LogModuleManager: Shutting down and abandoning module SceneDepthPickerMode (674)
[2020.10.21-12.35.32:583][345]LogModuleManager: Shutting down and abandoning module ActorPickerMode (672)
[2020.10.21-12.35.32:583][345]LogModuleManager: Shutting down and abandoning module GeometryMode (670)
[2020.10.21-12.35.32:583][345]LogModuleManager: Shutting down and abandoning module TextureAlignMode (668)
[2020.10.21-12.35.32:583][345]LogModuleManager: Shutting down and abandoning module BspMode (666)
[2020.10.21-12.35.32:583][345]LogModuleManager: Shutting down and abandoning module PIEPreviewDeviceProfileSelector (664)
[2020.10.21-12.35.32:585][345]LogModuleManager: Shutting down and abandoning module SequenceRecorderSections (662)
[2020.10.21-12.35.32:586][345]LogModuleManager: Shutting down and abandoning module AutomationWorker (660)
[2020.10.21-12.35.32:586][345]LogModuleManager: Shutting down and abandoning module SteamVREditor (658)
[2020.10.21-12.35.32:586][345]LogModuleManager: Shutting down and abandoning module OculusMR (656)
[2020.10.21-12.35.32:586][345]LogModuleManager: Shutting down and abandoning module AudioCaptureEditor (654)
[2020.10.21-12.35.32:586][345]LogModuleManager: Shutting down and abandoning module MatineeToLevelSequence (652)
[2020.10.21-12.35.32:586][345]LogModuleManager: Shutting down and abandoning module LevelSequenceEditor (650)
[2020.10.21-12.35.32:609][345]LogModuleManager: Shutting down and abandoning module PlacementMode (649)
[2020.10.21-12.35.32:609][345]LogModuleManager: Shutting down and abandoning module MaterialEditor (648)
[2020.10.21-12.35.32:618][345]LogModuleManager: Shutting down and abandoning module ActorSequenceEditor (644)
[2020.10.21-12.35.32:624][345]LogModuleManager: Shutting down and abandoning module WmfMediaFactory (642)
[2020.10.21-12.35.32:624][345]LogModuleManager: Shutting down and abandoning module WmfMediaEditor (640)
[2020.10.21-12.35.32:624][345]LogModuleManager: Shutting down and abandoning module WebMMediaFactory (638)
[2020.10.21-12.35.32:624][345]LogModuleManager: Shutting down and abandoning module WebMMediaEditor (636)
[2020.10.21-12.35.32:624][345]LogModuleManager: Shutting down and abandoning module WebMMedia (634)
[2020.10.21-12.35.32:624][345]LogModuleManager: Shutting down and abandoning module MediaPlayerEditor (632)
[2020.10.21-12.35.32:634][345]LogModuleManager: Shutting down and abandoning module MediaCompositingEditor (630)
[2020.10.21-12.35.32:642][345]LogModuleManager: Shutting down and abandoning module SequenceRecorder (629)
[2020.10.21-12.35.32:642][345]LogModuleManager: Shutting down and abandoning module OpenExrWrapper (626)
[2020.10.21-12.35.32:643][345]LogModuleManager: Shutting down and abandoning module ImgMediaFactory (624)
[2020.10.21-12.35.32:643][345]LogModuleManager: Shutting down and abandoning module ImgMediaEditor (622)
[2020.10.21-12.35.32:643][345]LogModuleManager: Shutting down and abandoning module AvfMediaFactory (620)
[2020.10.21-12.35.32:643][345]LogModuleManager: Shutting down and abandoning module AvfMediaEditor (618)
[2020.10.21-12.35.32:643][345]LogModuleManager: Shutting down and abandoning module AndroidMediaFactory (616)
[2020.10.21-12.35.32:643][345]LogModuleManager: Shutting down and abandoning module AndroidMediaEditor (614)
[2020.10.21-12.35.32:643][345]LogModuleManager: Shutting down and abandoning module MagicLeapMediaCodecFactory (612)
[2020.10.21-12.35.32:643][345]LogModuleManager: Shutting down and abandoning module MagicLeapMediaFactory (610)
[2020.10.21-12.35.32:643][345]LogModuleManager: Shutting down and abandoning module MagicLeapMediaEditor (608)
[2020.10.21-12.35.32:643][345]LogModuleManager: Shutting down and abandoning module CharacterAI (606)
[2020.10.21-12.35.32:643][345]LogModuleManager: Shutting down and abandoning module SmartSnapping (604)
[2020.10.21-12.35.32:643][345]LogModuleManager: Shutting down and abandoning module SessionServices (602)
[2020.10.21-12.35.32:643][345]LogModuleManager: Shutting down and abandoning module MeshPaint (600)
[2020.10.21-12.35.32:647][345]LogModuleManager: Shutting down and abandoning module ViewportSnapping (598)
[2020.10.21-12.35.32:647][345]LogModuleManager: Shutting down and abandoning module ViewportInteraction (596)
[2020.10.21-12.35.32:647][345]LogModuleManager: Shutting down and abandoning module ClothPainter (594)
[2020.10.21-12.35.32:647][345]LogModuleManager: Shutting down and abandoning module SkeletalMeshEditor (593)
[2020.10.21-12.35.32:656][345]LogModuleManager: Shutting down and abandoning module LogVisualizer (590)
[2020.10.21-12.35.32:663][345]LogModuleManager: Shutting down and abandoning module IntroTutorials (588)
[2020.10.21-12.35.32:663][345]LogModuleManager: Shutting down and abandoning module GameProjectGeneration (587)
[2020.10.21-12.35.32:668][345]LogModuleManager: Shutting down and abandoning module LuminPlatformEditor (584)
[2020.10.21-12.35.32:668][345]LogModuleManager: Shutting down and abandoning module IOSPlatformEditor (582)
[2020.10.21-12.35.32:668][345]LogModuleManager: Shutting down and abandoning module AndroidPlatformEditor (580)
[2020.10.21-12.35.32:669][345]LogModuleManager: Shutting down and abandoning module AndroidDeviceDetection (579)
[2020.10.21-12.35.34:550][345]LogModuleManager: Shutting down and abandoning module WindowsPlatformEditor (576)
[2020.10.21-12.35.34:550][345]LogModuleManager: Shutting down and abandoning module LuminRuntimeSettings (574)
[2020.10.21-12.35.34:550][345]LogModuleManager: Shutting down and abandoning module IOSRuntimeSettings (572)
[2020.10.21-12.35.34:550][345]LogModuleManager: Shutting down and abandoning module AndroidRuntimeSettings (570)
[2020.10.21-12.35.34:550][345]LogModuleManager: Shutting down and abandoning module EditorInteractiveToolsFramework (568)
[2020.10.21-12.35.34:550][345]LogModuleManager: Shutting down and abandoning module TimeManagementEditor (566)
[2020.10.21-12.35.34:550][345]LogModuleManager: Shutting down and abandoning module InputBindingEditor (564)
[2020.10.21-12.35.34:550][345]LogModuleManager: Shutting down and abandoning module MergeActors (562)
[2020.10.21-12.35.34:567][345]LogModuleManager: Shutting down and abandoning module LocalizationDashboard (560)
[2020.10.21-12.35.34:567][345]LogModuleManager: Shutting down and abandoning module LocalizationService (559)
[2020.10.21-12.35.34:577][345]LogModuleManager: Shutting down and abandoning module HardwareTargeting (556)
[2020.10.21-12.35.34:577][345]LogModuleManager: Shutting down and abandoning module DeviceProfileEditor (554)
[2020.10.21-12.35.34:577][345]LogModuleManager: Shutting down and abandoning module UndoHistory (552)
[2020.10.21-12.35.34:577][345]LogModuleManager: Shutting down and abandoning module XmlParser (550)
[2020.10.21-12.35.34:577][345]LogModuleManager: Shutting down and abandoning module Blutility (548)
[2020.10.21-12.35.34:577][345]LogModuleManager: Shutting down and abandoning module ProjectSettingsViewer (546)
[2020.10.21-12.35.34:577][345]LogModuleManager: Shutting down and abandoning module ProjectTargetPlatformEditor (545)
[2020.10.21-12.35.34:577][345]LogModuleManager: Shutting down and abandoning module EditorSettingsViewer (542)
[2020.10.21-12.35.34:578][345]LogModuleManager: Shutting down and abandoning module SettingsEditor (540)
[2020.10.21-12.35.34:578][345]LogModuleManager: Shutting down and abandoning module ProjectLauncher (538)
[2020.10.21-12.35.34:590][345]LogModuleManager: Shutting down and abandoning module SessionFrontend (536)
[2020.10.21-12.35.34:591][345]LogModuleManager: Shutting down and abandoning module ProfilerClient (534)
[2020.10.21-12.35.34:597][345]LogModuleManager: Shutting down and abandoning module DeviceManager (532)
[2020.10.21-12.35.34:597][345]LogModuleManager: Shutting down and abandoning module TargetDeviceServices (531)
[2020.10.21-12.35.34:631][345]LogModuleManager: Shutting down and abandoning module AutomationController (528)
[2020.10.21-12.35.34:631][345]LogModuleManager: Shutting down and abandoning module AutomationWindow (526)
[2020.10.21-12.35.34:644][345]LogModuleManager: Shutting down and abandoning module Layers (524)
[2020.10.21-12.35.34:664][345]LogModuleManager: Shutting down and abandoning module ComponentVisualizers (522)
[2020.10.21-12.35.34:665][345]LogModuleManager: Shutting down and abandoning module DetailCustomizations (520)
[2020.10.21-12.35.34:665][345]LogModuleManager: Shutting down and abandoning module PackagesDialog (518)
[2020.10.21-12.35.34:665][345]LogModuleManager: Shutting down and abandoning module AnimationBlueprintEditor (516)
[2020.10.21-12.35.34:680][345]LogModuleManager: Shutting down and abandoning module Persona (514)
[2020.10.21-12.35.34:681][345]LogModuleManager: Shutting down and abandoning module AdvancedPreviewScene (513)
[2020.10.21-12.35.34:681][345]LogModuleManager: Shutting down and abandoning module AnimGraph (511)
[2020.10.21-12.35.34:681][345]LogModuleManager: Shutting down and abandoning module Kismet (508)
[2020.10.21-12.35.34:689][345]LogModuleManager: Shutting down and abandoning module KismetWidgets (507)
[2020.10.21-12.35.34:699][345]LogModuleManager: Shutting down and abandoning module GraphEditor (504)
[2020.10.21-12.35.34:724][345]LogModuleManager: Shutting down and abandoning module StructViewer (502)
[2020.10.21-12.35.34:724][345]LogModuleManager: Shutting down and abandoning module ClassViewer (500)
[2020.10.21-12.35.34:724][345]LogModuleManager: Shutting down and abandoning module Toolbox (498)
[2020.10.21-12.35.34:724][345]LogModuleManager: Shutting down and abandoning module ModuleUI (496)
[2020.10.21-12.35.34:728][345]LogModuleManager: Shutting down and abandoning module OutputLog (494)
[2020.10.21-12.35.34:740][345]LogModuleManager: Shutting down and abandoning module GammaUI (492)
[2020.10.21-12.35.34:744][345]LogModuleManager: Shutting down and abandoning module Documentation (490)
[2020.10.21-12.35.34:744][345]LogModuleManager: Shutting down and abandoning module ToolMenus (488)
[2020.10.21-12.35.34:744][345]LogModuleManager: Shutting down and abandoning module LiveCoding (486)
[2020.10.21-12.35.34:746][345]LogModuleManager: Shutting down and abandoning module LevelSequence (484)
[2020.10.21-12.35.34:746][345]LogModuleManager: Shutting down and abandoning module MovieSceneTracks (482)
[2020.10.21-12.35.34:746][345]LogModuleManager: Shutting down and abandoning module MovieScene (480)
[2020.10.21-12.35.34:746][345]LogModuleManager: Shutting down and abandoning module StreamingPauseRendering (478)
[2020.10.21-12.35.34:746][345]LogModuleManager: Shutting down and abandoning module LauncherPlatform (476)
[2020.10.21-12.35.34:746][345]LogModuleManager: Shutting down and abandoning module AnalyticsET (474)
[2020.10.21-12.35.34:746][345]LogModuleManager: Shutting down and abandoning module PortalServices (472)
[2020.10.21-12.35.34:746][345]LogModuleManager: Shutting down and abandoning module PortalRpc (470)
[2020.10.21-12.35.34:746][345]LogModuleManager: Shutting down and abandoning module MessagingRpc (468)
[2020.10.21-12.35.34:746][345]LogModuleManager: Shutting down and abandoning module AudioMixerXAudio2 (466)
[2020.10.21-12.35.34:746][345]LogModuleManager: Shutting down and abandoning module AIModule (464)
[2020.10.21-12.35.34:746][345]LogModuleManager: Shutting down and abandoning module GameplayDebugger (463)
[2020.10.21-12.35.34:747][345]LogModuleManager: Shutting down and abandoning module AITestSuite (461)
[2020.10.21-12.35.34:747][345]LogModuleManager: Shutting down and abandoning module NavigationSystem (459)
[2020.10.21-12.35.34:747][345]LogModuleManager: Shutting down and abandoning module ImageWriteQueue (456)
[2020.10.21-12.35.34:753][345]LogModuleManager: Shutting down and abandoning module ProfilerService (454)
[2020.10.21-12.35.34:872][345]LogModuleManager: Shutting down and abandoning module TaskGraph (452)
[2020.10.21-12.35.34:879][345]LogModuleManager: Shutting down and abandoning module ScreenshotTools (450)
[2020.10.21-12.35.34:879][345]LogModuleManager: Shutting down and abandoning module ProceduralMeshComponentEditor (448)
[2020.10.21-12.35.34:879][345]LogModuleManager: Shutting down and abandoning module ProceduralMeshComponent (446)
[2020.10.21-12.35.34:879][345]LogModuleManager: Shutting down and abandoning module OculusEditor (444)
[2020.10.21-12.35.34:879][345]LogModuleManager: Shutting down and abandoning module OculusInput (442)
[2020.10.21-12.35.34:879][345]LogModuleManager: Shutting down and abandoning module MobilePatchingUtils (440)
[2020.10.21-12.35.34:879][345]LogModuleManager: Shutting down and abandoning module EditableMesh (438)
[2020.10.21-12.35.34:879][345]LogModuleManager: Shutting down and abandoning module CustomMeshComponent (436)
[2020.10.21-12.35.34:879][345]LogModuleManager: Shutting down and abandoning module CableComponent (434)
[2020.10.21-12.35.34:880][345]LogModuleManager: Shutting down and abandoning module AudioCapture (432)
[2020.10.21-12.35.34:880][345]LogModuleManager: Shutting down and abandoning module AudioCaptureRtAudio (431)
[2020.10.21-12.35.34:880][345]LogModuleManager: Shutting down and abandoning module AssetTags (428)
[2020.10.21-12.35.34:880][345]LogModuleManager: Shutting down and abandoning module ArchVisCharacter (426)
[2020.10.21-12.35.34:880][345]LogModuleManager: Shutting down and abandoning module AppleImageUtilsBlueprintSupport (424)
[2020.10.21-12.35.34:880][345]LogModuleManager: Shutting down and abandoning module AppleImageUtils (422)
[2020.10.21-12.35.34:880][345]LogModuleManager: Shutting down and abandoning module AndroidPermission (420)
[2020.10.21-12.35.34:881][345]LogModuleManager: Shutting down and abandoning module NUTUnrealEngine4 (418)
[2020.10.21-12.35.34:881][345]LogModuleManager: Shutting down and abandoning module NetcodeUnitTest (416)
[2020.10.21-12.35.34:881][345]LogModuleManager: Shutting down and abandoning module MediaCompositing (414)
[2020.10.21-12.35.34:881][345]LogModuleManager: Shutting down and abandoning module ImgMedia (412)
[2020.10.21-12.35.34:887][345]LogModuleManager: Shutting down and abandoning module MagicLeapHelperVulkan (410)
[2020.10.21-12.35.34:887][345]LogModuleManager: Shutting down and abandoning module MagicLeapHelperOpenGL (408)
[2020.10.21-12.35.34:887][345]LogModuleManager: Shutting down and abandoning module MagicLeapAudio (406)
[2020.10.21-12.35.34:887][345]LogModuleManager: Shutting down and abandoning module GeometryCacheTracks (404)
[2020.10.21-12.35.34:887][345]LogModuleManager: Shutting down and abandoning module GeometryCacheSequencer (402)
[2020.10.21-12.35.34:887][345]LogModuleManager: Shutting down and abandoning module BackChannel (400)
[2020.10.21-12.35.34:887][345]LogModuleManager: Shutting down and abandoning module AutomationUtilsEditor (398)
[2020.10.21-12.35.34:887][345]LogModuleManager: Shutting down and abandoning module AutomationUtils (396)
[2020.10.21-12.35.34:887][345]LogModuleManager: Shutting down and abandoning module AlembicImporter (394)
[2020.10.21-12.35.34:897][345]LogModuleManager: Shutting down and abandoning module AlembicLibrary (393)
[2020.10.21-12.35.34:897][345]LogModuleManager: Shutting down and abandoning module GeometryCache (392)
[2020.10.21-12.35.34:897][345]LogModuleManager: Shutting down and abandoning module GeometryCacheEd (391)
[2020.10.21-12.35.34:898][345]LogModuleManager: Shutting down and abandoning module VariantManagerContentEditor (386)
[2020.10.21-12.35.34:898][345]LogModuleManager: Shutting down and abandoning module DatasmithContentEditor (384)
[2020.10.21-12.35.34:898][345]LogModuleManager: Shutting down and abandoning module SpeedTreeImporter (382)
[2020.10.21-12.35.34:898][345]LogModuleManager: Shutting down and abandoning module PluginBrowser (380)
[2020.10.21-12.35.34:898][345]LogModuleManager: Shutting down and abandoning module MobileLauncherProfileWizard (378)
[2020.10.21-12.35.34:901][345]LogModuleManager: Shutting down and abandoning module MaterialAnalyzer (376)
[2020.10.21-12.35.34:901][345]LogModuleManager: Shutting down and abandoning module CurveEditorTools (374)
[2020.10.21-12.35.34:914][345]LogModuleManager: Shutting down and abandoning module CryptoKeysOpenSSL (372)
[2020.10.21-12.35.34:914][345]LogModuleManager: Shutting down and abandoning module CryptoKeys (370)
[2020.10.21-12.35.34:914][345]LogModuleManager: Shutting down and abandoning module VisualStudioSourceCodeAccess (368)
[2020.10.21-12.35.34:914][345]LogModuleManager: Shutting down and abandoning module VisualStudioCodeSourceCodeAccess (366)
[2020.10.21-12.35.34:914][345]LogModuleManager: Shutting down and abandoning module UObjectPlugin (364)
[2020.10.21-12.35.34:914][345]LogModuleManager: Shutting down and abandoning module SubversionSourceControl (362)
[2020.10.21-12.35.34:914][345]LogModuleManager: Shutting down and abandoning module PlasticSourceControl (360)
[2020.10.21-12.35.34:923][345]LogModuleManager: Shutting down and abandoning module PerforceSourceControl (358)
[2020.10.21-12.35.34:932][345]LogModuleManager: Shutting down and abandoning module GitSourceControl (356)
[2020.10.21-12.35.34:932][345]LogModuleManager: Shutting down and abandoning module SourceControl (355)
[2020.10.21-12.35.34:932][345]LogModuleManager: Shutting down and abandoning module CLionSourceCodeAccess (352)
[2020.10.21-12.35.34:932][345]LogModuleManager: Shutting down and abandoning module AnimationSharingEd (350)
[2020.10.21-12.35.34:932][345]LogModuleManager: Shutting down and abandoning module ActorLayerUtilitiesEditor (348)
[2020.10.21-12.35.34:932][345]LogModuleManager: Shutting down and abandoning module ActorLayerUtilities (346)
[2020.10.21-12.35.34:932][345]LogModuleManager: Shutting down and abandoning module LightPropagationVolumeEditor (344)
[2020.10.21-12.35.34:933][345]LogModuleManager: Shutting down and abandoning module PaperTiledImporter (342)
[2020.10.21-12.35.34:933][345]LogModuleManager: Shutting down and abandoning module PaperSpriteSheetImporter (340)
[2020.10.21-12.35.34:933][345]LogModuleManager: Shutting down and abandoning module Paper2DEditor (338)
[2020.10.21-12.35.34:941][345]LogModuleManager: Shutting down and abandoning module SignificanceManager (336)
[2020.10.21-12.35.34:941][345]LogModuleManager: Shutting down and abandoning module RuntimePhysXCooking (334)
[2020.10.21-12.35.34:941][345]LogModuleManager: Shutting down and abandoning module PhysXVehiclesEditor (332)
[2020.10.21-12.35.34:941][345]LogModuleManager: Shutting down and abandoning module LocationServicesBPLibrary (328)
[2020.10.21-12.35.34:942][345]LogModuleManager: Shutting down and abandoning module ActorSequence (326)
[2020.10.21-12.35.34:942][345]LogModuleManager: Shutting down and abandoning module UdpMessaging (324)
[2020.10.21-12.35.35:044][345]LogModuleManager: Shutting down and abandoning module TcpMessaging (322)
[2020.10.21-12.35.35:144][345]LogModuleManager: Shutting down and abandoning module MagicLeapPrivileges (320)
[2020.10.21-12.35.35:144][345]LogModuleManager: Shutting down and abandoning module MagicLeapPlanes (318)
[2020.10.21-12.35.35:144][345]LogMagicLeapPlanes: Planes tracker already destroyed.
[2020.10.21-12.35.35:144][345]LogModuleManager: Shutting down and abandoning module MagicLeapIdentity (316)
[2020.10.21-12.35.35:144][345]LogModuleManager: Shutting down and abandoning module MagicLeapSecureStorage (314)
[2020.10.21-12.35.35:144][345]LogModuleManager: Shutting down and abandoning module MagicLeapImageTracker (312)
[2020.10.21-12.35.35:144][345]LogModuleManager: Shutting down and abandoning module MagicLeapHandTracking (310)
[2020.10.21-12.35.35:144][345]LogModuleManager: Shutting down and abandoning module MagicLeapHandMeshing (308)
[2020.10.21-12.35.35:144][345]LogModuleManager: Shutting down and abandoning module MagicLeapEyeTracker (306)
[2020.10.21-12.35.35:144][345]LogModuleManager: Shutting down and abandoning module MagicLeapController (304)
[2020.10.21-12.35.35:144][345]LogSlate: Slate User Destroyed.  User Index 0, Is Virtual User: 0
[2020.10.21-12.35.35:144][345]LogModuleManager: Shutting down and abandoning module MagicLeapARPin (302)
[2020.10.21-12.35.35:144][345]LogModuleManager: Shutting down and abandoning module MagicLeapAR (300)
[2020.10.21-12.35.35:144][345]LogModuleManager: Shutting down and abandoning module AugmentedReality (299)
[2020.10.21-12.35.35:144][345]LogModuleManager: Shutting down and abandoning module GameplayTagsEditor (296)
[2020.10.21-12.35.35:149][345]LogModuleManager: Shutting down and abandoning module FacialAnimationEditor (294)
[2020.10.21-12.35.35:149][345]LogModuleManager: Shutting down and abandoning module FacialAnimation (292)
[2020.10.21-12.35.35:149][345]LogModuleManager: Shutting down and abandoning module DataValidation (290)
[2020.10.21-12.35.35:149][345]LogModuleManager: Shutting down and abandoning module AssetManagerEditor (288)
[2020.10.21-12.35.35:152][345]LogModuleManager: Shutting down and abandoning module LevelEditor (287)
[2020.10.21-12.35.35:153][345]LogModuleManager: Shutting down and abandoning module PixelInspectorModule (286)
[2020.10.21-12.35.35:153][345]LogModuleManager: Shutting down and abandoning module CommonMenuExtensions (284)
[2020.10.21-12.35.35:153][345]LogModuleManager: Shutting down and abandoning module MainFrame (282)
[2020.10.21-12.35.35:153][345]LogModuleManager: Shutting down and abandoning module HotReload (281)
[2020.10.21-12.35.35:154][345]LogModuleManager: Shutting down and abandoning module ContentBrowser (277)
[2020.10.21-12.35.35:155][345]LogModuleManager: Shutting down and abandoning module TreeMap (275)
[2020.10.21-12.35.35:155][345]LogModuleManager: Shutting down and abandoning module AnimationSharing (272)
[2020.10.21-12.35.35:155][345]LogModuleManager: Shutting down and abandoning module LightPropagationVolumeRuntime (270)
[2020.10.21-12.35.35:155][345]LogModuleManager: Shutting down and abandoning module Paper2D (268)
[2020.10.21-12.35.35:155][345]LogModuleManager: Shutting down and abandoning module WindowsMoviePlayer (266)
[2020.10.21-12.35.35:158][345]LogModuleManager: Shutting down and abandoning module WebMMoviePlayer (264)
[2020.10.21-12.35.35:158][345]LogModuleManager: Shutting down and abandoning module NetworkReplayStreaming (262)
[2020.10.21-12.35.35:158][345]LogModuleManager: Shutting down and abandoning module PacketHandler (260)
[2020.10.21-12.35.35:168][345]LogModuleManager: Shutting down and abandoning module ClothingSystemEditor (258)
[2020.10.21-12.35.35:168][345]LogModuleManager: Shutting down and abandoning module ClothingSystemRuntimeNv (256)
[2020.10.21-12.35.35:172][345]LogModuleManager: Shutting down and abandoning module MediaAssets (254)
[2020.10.21-12.35.35:172][345]LogModuleManager: Shutting down and abandoning module Overlay (252)
[2020.10.21-12.35.35:172][345]LogModuleManager: Shutting down and abandoning module OverlayEditor (251)
[2020.10.21-12.35.35:172][345]LogModuleManager: Shutting down and abandoning module VREditor (248)
[2020.10.21-12.35.35:183][345]LogModuleManager: Shutting down and abandoning module StringTableEditor (246)
[2020.10.21-12.35.35:188][345]LogModuleManager: Shutting down and abandoning module GameplayTasksEditor (244)
[2020.10.21-12.35.35:188][345]LogModuleManager: Shutting down and abandoning module BehaviorTreeEditor (242)
[2020.10.21-12.35.35:202][345]LogModuleManager: Shutting down and abandoning module FunctionalTesting (240)
[2020.10.21-12.35.35:202][345]LogModuleManager: Shutting down and abandoning module CollisionAnalyzer (238)
[2020.10.21-12.35.35:202][345]LogModuleManager: Shutting down and abandoning module WorkspaceMenuStructure (237)
[2020.10.21-12.35.35:203][345]LogModuleManager: Shutting down and abandoning module UMG (234)
[2020.10.21-12.35.35:203][345]LogModuleManager: Shutting down and abandoning module UMGEditor (233)
[2020.10.21-12.35.35:203][345]LogModuleManager: Shutting down and abandoning module MessageLog (231)
[2020.10.21-12.35.35:203][345]LogModuleManager: Shutting down and abandoning module SlateReflector (226)
[2020.10.21-12.35.35:227][345]LogModuleManager: Shutting down and abandoning module Slate (224)
[2020.10.21-12.35.35:227][345]LogModuleManager: Shutting down and abandoning module SlateCore (222)
[2020.10.21-12.35.35:227][345]LogModuleManager: Shutting down and abandoning module LandscapeEditorUtilities (220)
[2020.10.21-12.35.35:227][345]LogModuleManager: Shutting down and abandoning module UnrealEd (218)
[2020.10.21-12.35.35:227][345]LogModuleManager: Shutting down and abandoning module MRMesh (216)
[2020.10.21-12.35.35:227][345]LogModuleManager: Shutting down and abandoning module SourceCodeAccess (214)
[2020.10.21-12.35.35:228][345]LogModuleManager: Shutting down and abandoning module HeadMountedDisplay (212)
[2020.10.21-12.35.35:228][345]LogModuleManager: Shutting down and abandoning module XAudio2 (210)
[2020.10.21-12.35.35:228][345]LogModuleManager: Shutting down and abandoning module Networking (208)
[2020.10.21-12.35.35:228][345]LogModuleManager: Shutting down and abandoning module Core (206)
[2020.10.21-12.35.35:228][345]LogModuleManager: Shutting down and abandoning module MovieSceneTools (204)
[2020.10.21-12.35.35:228][345]LogModuleManager: Shutting down and abandoning module CurveEditor (203)
[2020.10.21-12.35.35:230][345]LogModuleManager: Shutting down and abandoning module Sequencer (201)
[2020.10.21-12.35.35:240][345]LogModuleManager: Shutting down and abandoning module EditorStyle (200)
[2020.10.21-12.35.35:244][345]LogModuleManager: Shutting down and abandoning module KismetCompiler (196)
[2020.10.21-12.35.35:244][345]LogModuleManager: Shutting down and abandoning module MeshUtilities (194)
[2020.10.21-12.35.35:249][345]LogModuleManager: Shutting down and abandoning module MeshMergeUtilities (193)
[2020.10.21-12.35.35:249][345]LogModuleManager: Shutting down and abandoning module MeshReductionInterface (192)
[2020.10.21-12.35.35:249][345]LogModuleManager: Shutting down and abandoning module MeshBoneReduction (191)
[2020.10.21-12.35.35:249][345]LogModuleManager: Shutting down and abandoning module SkeletalMeshReduction (189)
[2020.10.21-12.35.35:257][345]LogModuleManager: Shutting down and abandoning module ProxyLODMeshReduction (187)
[2020.10.21-12.35.35:276][345]LogModuleManager: Shutting down and abandoning module QuadricMeshReduction (185)
[2020.10.21-12.35.35:276][345]LogModuleManager: Shutting down and abandoning module MaterialBaking (181)
[2020.10.21-12.35.35:287][345]LogModuleManager: Shutting down and abandoning module NullInstallBundleManager (176)
[2020.10.21-12.35.35:287][345]LogModuleManager: Shutting down and abandoning module DerivedDataCache (174)
[2020.10.21-12.35.35:287][345]LogDerivedDataCache: Shutdown
[2020.10.21-12.35.35:288][345]LogModuleManager: Shutting down and abandoning module XGEController (172)
[2020.10.21-12.35.35:288][345]LogModuleManager: Shutting down and abandoning module TargetPlatform (170)
[2020.10.21-12.35.35:288][345]LogModuleManager: Shutting down and abandoning module VulkanShaderFormat (169)
[2020.10.21-12.35.35:288][345]LogModuleManager: Shutting down and abandoning module ShaderFormatVectorVM (167)
[2020.10.21-12.35.35:288][345]LogModuleManager: Shutting down and abandoning module ShaderFormatOpenGL (165)
[2020.10.21-12.35.35:298][345]LogModuleManager: Shutting down and abandoning module ShaderFormatD3D (163)
[2020.10.21-12.35.35:298][345]LogModuleManager: Shutting down and abandoning module MetalShaderFormat (161)
[2020.10.21-12.35.35:303][345]LogModuleManager: Shutting down and abandoning module TextureFormatUncompressed (159)
[2020.10.21-12.35.35:304][345]LogModuleManager: Shutting down and abandoning module TextureFormatPVR (157)
[2020.10.21-12.35.35:304][345]LogModuleManager: Shutting down and abandoning module TextureFormatDXT (155)
[2020.10.21-12.35.35:304][345]LogModuleManager: Shutting down and abandoning module TextureFormatIntelISPCTexComp (153)
[2020.10.21-12.35.35:305][345]LogModuleManager: Shutting down and abandoning module TextureFormatASTC (151)
[2020.10.21-12.35.35:305][345]LogModuleManager: Shutting down and abandoning module ImageWrapper (150)
[2020.10.21-12.35.35:305][345]LogModuleManager: Shutting down and abandoning module TextureFormatAndroid (147)
[2020.10.21-12.35.35:305][345]LogModuleManager: Shutting down and abandoning module AudioFormatOpus (145)
[2020.10.21-12.35.35:305][345]LogModuleManager: Shutting down and abandoning module AudioFormatOgg (143)
[2020.10.21-12.35.35:305][345]LogModuleManager: Shutting down and abandoning module AudioFormatADPCM (141)
[2020.10.21-12.35.35:305][345]LogModuleManager: Shutting down and abandoning module WindowsServerTargetPlatform (139)
[2020.10.21-12.35.35:306][345]LogModuleManager: Shutting down and abandoning module WindowsClientTargetPlatform (137)
[2020.10.21-12.35.35:306][345]LogModuleManager: Shutting down and abandoning module WindowsTargetPlatform (135)
[2020.10.21-12.35.35:306][345]LogModuleManager: Shutting down and abandoning module WindowsNoEditorTargetPlatform (133)
[2020.10.21-12.35.35:306][345]LogModuleManager: Shutting down and abandoning module TVOSTargetPlatform (131)
[2020.10.21-12.35.35:311][345]LogModuleManager: Shutting down and abandoning module LuminTargetPlatform (129)
[2020.10.21-12.35.35:314][345]LogModuleManager: Shutting down and abandoning module LinuxAArch64ServerTargetPlatform (127)
[2020.10.21-12.35.35:314][345]LogModuleManager: Shutting down and abandoning module LinuxAArch64ClientTargetPlatform (125)
[2020.10.21-12.35.35:315][345]LogModuleManager: Shutting down and abandoning module LinuxAArch64NoEditorTargetPlatform (123)
[2020.10.21-12.35.35:315][345]LogModuleManager: Shutting down and abandoning module LinuxServerTargetPlatform (121)
[2020.10.21-12.35.35:315][345]LogModuleManager: Shutting down and abandoning module LinuxClientTargetPlatform (119)
[2020.10.21-12.35.35:317][345]LogModuleManager: Shutting down and abandoning module LinuxNoEditorTargetPlatform (117)
[2020.10.21-12.35.35:318][345]LogModuleManager: Shutting down and abandoning module Messaging (115)
[2020.10.21-12.35.35:318][345]LogModuleManager: Shutting down and abandoning module IOSTargetPlatform (113)
[2020.10.21-12.35.35:321][345]LogModuleManager: Shutting down and abandoning module AndroidTargetPlatform (111)
[2020.10.21-12.35.35:338][345]LogModuleManager: Shutting down and abandoning module AllDesktopTargetPlatform (109)
[2020.10.21-12.35.35:338][345]LogModuleManager: Shutting down and abandoning module InputCore (106)
[2020.10.21-12.35.35:338][345]LogModuleManager: Shutting down and abandoning module Settings (104)
[2020.10.21-12.35.35:338][345]LogModuleManager: Shutting down and abandoning module DirectoryWatcher (102)
[2020.10.21-12.35.35:338][345]LogModuleManager: Shutting down and abandoning module PhysXCooking (100)
[2020.10.21-12.35.35:338][345]LogModuleManager: Shutting down and abandoning module ChaosSolvers (98)
[2020.10.21-12.35.35:338][345]LogModuleManager: Shutting down and abandoning module FieldSystemEngine (97)
[2020.10.21-12.35.35:338][345]LogModuleManager: Shutting down and abandoning module Chaos (94)
[2020.10.21-12.35.35:338][345]LogModuleManager: Shutting down and abandoning module WindowsPlatformFeatures (92)
[2020.10.21-12.35.35:339][345]LogModuleManager: Shutting down and abandoning module GameplayMediaEncoder (91)
[2020.10.21-12.35.35:341][345]LogModuleManager: Shutting down and abandoning module SteamVRInputDevice (88)
[2020.10.21-12.35.35:341][345]LogModuleManager: Shutting down and abandoning module SteamVRInput (86)
[2020.10.21-12.35.35:341][345]LogModuleManager: Shutting down and abandoning module SteamVR (84)
[2020.10.21-12.35.35:341][345]LogHMD: Freeing OpenVRDLLHandle.
[2020.10.21-12.35.35:341][345]LogModuleManager: Shutting down and abandoning module OculusHMD (82)
[2020.10.21-12.35.35:341][345]LogModuleManager: Shutting down and abandoning module ExampleDeviceProfileSelector (80)
[2020.10.21-12.35.35:341][345]LogModuleManager: Shutting down and abandoning module LauncherChunkInstaller (78)
[2020.10.21-12.35.35:341][345]LogModuleManager: Shutting down and abandoning module OnlineBlueprintSupport (76)
[2020.10.21-12.35.35:341][345]LogModuleManager: Shutting down and abandoning module OnlineSubsystem (72)
[2020.10.21-12.35.35:360][345]LogModuleManager: Shutting down and abandoning module XMPP (67)
[2020.10.21-12.35.35:360][345]LogModuleManager: Shutting down and abandoning module WebSockets (66)
[2020.10.21-12.35.35:397][345]LogModuleManager: Shutting down and abandoning module HTTP (63)
[2020.10.21-12.35.35:397][345]LogHttp: Display: Http module shutting down, but needs to wait on 1 outstanding Http requests:
[2020.10.21-12.35.35:397][345]LogHttp: Display: 	verb=[POST] url=[https://datarouter.ol.epicgames.com/datarouter/api/v1/public/data?SessionID=%7B6CE2955D-4C38-98AE-E8E5-B28CE3611165%7D&AppID=UEEditor.Rocket.Release&AppVersion=4.24.3-11590370%2B%2B%2BUE4%2BRelease-4.24&UserID=707df2054e8526f1e6a23ca7c8d16b27%7C56b27b774f6c48328acd5c31ec9a87eb%7Cd6a48731-efb9-4489-8d28-518397961247&AppEnvironment=datacollector-binary&UploadType=eteventstream] refs=[1] status=Processing
[2020.10.21-12.35.35:401][345]LogModuleManager: Shutting down and abandoning module SSL (62)
[2020.10.21-12.35.35:403][345]LogModuleManager: Shutting down and abandoning module WmfMedia (58)
[2020.10.21-12.35.35:423][345]LogModuleManager: Shutting down and abandoning module Media (57)
[2020.10.21-12.35.35:425][345]LogModuleManager: Shutting down and abandoning module MagicLeap (54)
[2020.10.21-12.35.35:425][345]LogModuleManager: Shutting down and abandoning module VariantManagerContent (52)
[2020.10.21-12.35.35:425][345]LogModuleManager: Shutting down and abandoning module DatasmithContent (50)
[2020.10.21-12.35.35:425][345]LogModuleManager: Shutting down and abandoning module AISupportModule (48)
[2020.10.21-12.35.35:426][345]LogModuleManager: Shutting down and abandoning module DesktopPlatform (46)
[2020.10.21-12.35.35:426][345]LogModuleManager: Shutting down and abandoning module PlatformCryptoOpenSSL (44)
[2020.10.21-12.35.35:426][345]LogModuleManager: Shutting down and abandoning module PlatformCryptoTypes (42)
[2020.10.21-12.35.35:426][345]LogModuleManager: Shutting down and abandoning module PlatformCrypto (40)
[2020.10.21-12.35.35:426][345]LogModuleManager: Shutting down and abandoning module AnimationModifiers (38)
[2020.10.21-12.35.35:433][345]LogModuleManager: Shutting down and abandoning module PropertyEditor (37)
[2020.10.21-12.35.35:437][345]LogModuleManager: Shutting down and abandoning module AudioEditor (34)
[2020.10.21-12.35.35:468][345]LogModuleManager: Shutting down and abandoning module TextureCompressor (32)
[2020.10.21-12.35.35:468][345]LogModuleManager: Shutting down and abandoning module RenderCore (30)
[2020.10.21-12.35.35:468][345]LogModuleManager: Shutting down and abandoning module Landscape (28)
[2020.10.21-12.35.35:468][345]LogModuleManager: Shutting down and abandoning module SlateRHIRenderer (26)
[2020.10.21-12.35.35:470][345]LogModuleManager: Shutting down and abandoning module OpenGLDrv (24)
[2020.10.21-12.35.35:472][345]LogModuleManager: Shutting down and abandoning module D3D11RHI (22)
[2020.10.21-12.35.35:472][345]LogModuleManager: Shutting down and abandoning module AnimGraphRuntime (20)
[2020.10.21-12.35.35:472][345]LogModuleManager: Shutting down and abandoning module Renderer (18)
[2020.10.21-12.35.35:472][345]LogModuleManager: Shutting down and abandoning module Engine (16)
[2020.10.21-12.35.35:472][345]LogModuleManager: Shutting down and abandoning module CoreUObject (14)
[2020.10.21-12.35.35:472][345]LogModuleManager: Shutting down and abandoning module NetworkFile (12)
[2020.10.21-12.35.35:473][345]LogModuleManager: Shutting down and abandoning module CookedIterativeFile (10)
[2020.10.21-12.35.35:473][345]LogModuleManager: Shutting down and abandoning module StreamingFile (8)
[2020.10.21-12.35.35:473][345]LogModuleManager: Shutting down and abandoning module SandboxFile (6)
[2020.10.21-12.35.35:473][345]LogModuleManager: Shutting down and abandoning module PakFile (4)
[2020.10.21-12.35.35:473][345]LogModuleManager: Shutting down and abandoning module RSA (3)
[2020.10.21-12.35.35:481][345]LogD3D11RHI: Shutdown
[2020.10.21-12.35.35:481][345]LogD3D11RHI: CleanupD3DDevice
[2020.10.21-12.35.35:516][345]LogExit: Exiting.
[2020.10.21-12.35.35:542][345]Log file closed, 10/21/20 18:35:35
